[2024-02-29 09:27:34] [INFO   ]  Custom Logger Initialized 
[2024-02-29 09:27:34] [INFO   ] [NOTICE] TerraformGenerator will suppress the server's watchdog while generating chunks to prevent unnecessary stacktrace warnings. Unless you specifically need thewatchdog now (to take aikar timings or debug lag), you don't need to take any action. 
[2024-02-29 09:27:34] [INFO   ] It is recommended to pregenerate to reduce lag problems. 
[2024-02-29 09:27:34] [INFO   ] Watchdog Thread hooked. 
[2024-02-29 09:27:34] [INFO   ]  bStats Metrics enabled. 
[2024-02-29 09:27:34] [INFO   ]  Detected version: v1_20_R2, number: 20.2 
[2024-02-29 09:27:34] [INFO   ] Unfreezing biome registry... 
[2024-02-29 09:27:34] [INFO   ] Registered custom biome: muddy_bog 
[2024-02-29 09:27:34] [INFO   ] Registered custom biome: cherry_grove 
[2024-02-29 09:27:34] [INFO   ] Registered custom biome: scarlet_forest 
[2024-02-29 09:27:34] [INFO   ] Registered custom biome: crystalline_cluster 
[2024-02-29 09:27:34] [INFO   ] Freezing biome registry 
[2024-02-29 09:27:34] [INFO   ] [Structure Registry] Registered Large Structure: VillageHousePopulator 
[2024-02-29 09:27:34] [INFO   ] [Structure Registry] Registered Large Structure: VillagePopulator 
[2024-02-29 09:27:34] [INFO   ] [Structure Registry] Registered Large Structure: OutpostPopulator 
[2024-02-29 09:27:34] [INFO   ] [Structure Registry] Registered Large Structure: PyramidPopulator 
[2024-02-29 09:27:34] [INFO   ] [Structure Registry] Registered Large Structure: MonumentPopulator 
[2024-02-29 09:27:34] [INFO   ] [Structure Registry] Registered Large Structure: StrongholdPopulator 
[2024-02-29 09:27:34] [INFO   ] [Structure Registry] Registered Large Structure: MansionPopulator 
[2024-02-29 09:27:34] [INFO   ] [Structure Registry] Registered Large Structure: AncientCityPopulator 
[2024-02-29 09:27:34] [INFO   ] [Structure Registry] Registered Large Structure: LargeCavePopulator 
[2024-02-29 09:27:34] [INFO   ] [Structure Registry] Registered Large Structure: MineshaftPopulator 
[2024-02-29 09:27:34] [INFO   ] [Structure Registry] Registered Large Structure: CatacombsPopulator 
[2024-02-29 09:27:34] [INFO   ] [Structure Registry] Registered Large Structure: BadlandsMinePopulator 
[2024-02-29 09:27:34] [INFO   ] [Structure Registry] Registered Large Structure: WarmOceanRuinsPopulator 
[2024-02-29 09:27:34] [INFO   ] [Structure Registry] Registered Large Structure: TrailRuinsPopulator 
[2024-02-29 09:27:34] [INFO   ] [Structure Registry] Registered Small Structure: SmallDungeonPopulator 
[2024-02-29 09:27:34] [INFO   ] [Structure Registry] Registered Small Structure: ShipwreckPopulator 
[2024-02-29 09:27:34] [INFO   ] [Structure Registry] Registered Small Structure: BuriedTreasurePopulator 
[2024-02-29 09:27:34] [INFO   ] [Structure Registry] Registered Small Structure: RuinedPortalPopulator 
[2024-02-29 09:27:34] [INFO   ] [Structure Registry] Registered Small Structure: IglooPopulator 
[2024-02-29 09:27:34] [INFO   ] [Structure Registry] Registered Small Structure: DesertWellPopulator 
[2024-02-29 09:27:34] [INFO   ] [Structure Registry] Registered Small Structure: WitchHutPopulator 
[2024-02-29 09:29:57] [INFO   ]  Custom Logger Initialized 
[2024-02-29 09:29:57] [INFO   ] [NOTICE] TerraformGenerator will suppress the server's watchdog while generating chunks to prevent unnecessary stacktrace warnings. Unless you specifically need thewatchdog now (to take aikar timings or debug lag), you don't need to take any action. 
[2024-02-29 09:29:57] [INFO   ] It is recommended to pregenerate to reduce lag problems. 
[2024-02-29 09:29:57] [INFO   ] Watchdog Thread hooked. 
[2024-02-29 09:29:57] [INFO   ]  bStats Metrics enabled. 
[2024-02-29 09:29:57] [INFO   ]  Detected version: v1_20_R2, number: 20.2 
[2024-02-29 09:29:57] [INFO   ] Unfreezing biome registry... 
[2024-02-29 09:29:57] [INFO   ] Registered custom biome: muddy_bog 
[2024-02-29 09:29:57] [INFO   ] Registered custom biome: cherry_grove 
[2024-02-29 09:29:57] [INFO   ] Registered custom biome: scarlet_forest 
[2024-02-29 09:29:57] [INFO   ] Registered custom biome: crystalline_cluster 
[2024-02-29 09:29:57] [INFO   ] Freezing biome registry 
[2024-02-29 09:29:57] [INFO   ] [Structure Registry] Registered Large Structure: VillageHousePopulator 
[2024-02-29 09:29:57] [INFO   ] [Structure Registry] Registered Large Structure: VillagePopulator 
[2024-02-29 09:29:57] [INFO   ] [Structure Registry] Registered Large Structure: OutpostPopulator 
[2024-02-29 09:29:57] [INFO   ] [Structure Registry] Registered Large Structure: PyramidPopulator 
[2024-02-29 09:29:57] [INFO   ] [Structure Registry] Registered Large Structure: MonumentPopulator 
[2024-02-29 09:29:57] [INFO   ] [Structure Registry] Registered Large Structure: StrongholdPopulator 
[2024-02-29 09:29:57] [INFO   ] [Structure Registry] Registered Large Structure: MansionPopulator 
[2024-02-29 09:29:57] [INFO   ] [Structure Registry] Registered Large Structure: AncientCityPopulator 
[2024-02-29 09:29:57] [INFO   ] [Structure Registry] Registered Large Structure: LargeCavePopulator 
[2024-02-29 09:29:57] [INFO   ] [Structure Registry] Registered Large Structure: MineshaftPopulator 
[2024-02-29 09:29:57] [INFO   ] [Structure Registry] Registered Large Structure: CatacombsPopulator 
[2024-02-29 09:29:57] [INFO   ] [Structure Registry] Registered Large Structure: BadlandsMinePopulator 
[2024-02-29 09:29:57] [INFO   ] [Structure Registry] Registered Large Structure: WarmOceanRuinsPopulator 
[2024-02-29 09:29:57] [INFO   ] [Structure Registry] Registered Large Structure: TrailRuinsPopulator 
[2024-02-29 09:29:57] [INFO   ] [Structure Registry] Registered Small Structure: SmallDungeonPopulator 
[2024-02-29 09:29:57] [INFO   ] [Structure Registry] Registered Small Structure: ShipwreckPopulator 
[2024-02-29 09:29:57] [INFO   ] [Structure Registry] Registered Small Structure: BuriedTreasurePopulator 
[2024-02-29 09:29:57] [INFO   ] [Structure Registry] Registered Small Structure: RuinedPortalPopulator 
[2024-02-29 09:29:57] [INFO   ] [Structure Registry] Registered Small Structure: IglooPopulator 
[2024-02-29 09:29:57] [INFO   ] [Structure Registry] Registered Small Structure: DesertWellPopulator 
[2024-02-29 09:29:57] [INFO   ] [Structure Registry] Registered Small Structure: WitchHutPopulator 
[2024-02-29 09:32:17] [INFO   ]  Custom Logger Initialized 
[2024-02-29 09:32:17] [INFO   ] [NOTICE] TerraformGenerator will suppress the server's watchdog while generating chunks to prevent unnecessary stacktrace warnings. Unless you specifically need thewatchdog now (to take aikar timings or debug lag), you don't need to take any action. 
[2024-02-29 09:32:17] [INFO   ] It is recommended to pregenerate to reduce lag problems. 
[2024-02-29 09:32:17] [INFO   ] Watchdog Thread hooked. 
[2024-02-29 09:32:17] [INFO   ]  bStats Metrics enabled. 
[2024-02-29 09:32:17] [INFO   ]  Detected version: v1_20_R2, number: 20.2 
[2024-02-29 09:32:17] [INFO   ] Unfreezing biome registry... 
[2024-02-29 09:32:17] [INFO   ] Registered custom biome: muddy_bog 
[2024-02-29 09:32:17] [INFO   ] Registered custom biome: cherry_grove 
[2024-02-29 09:32:17] [INFO   ] Registered custom biome: scarlet_forest 
[2024-02-29 09:32:17] [INFO   ] Registered custom biome: crystalline_cluster 
[2024-02-29 09:32:17] [INFO   ] Freezing biome registry 
[2024-02-29 09:32:17] [INFO   ] [Structure Registry] Registered Large Structure: VillageHousePopulator 
[2024-02-29 09:32:17] [INFO   ] [Structure Registry] Registered Large Structure: VillagePopulator 
[2024-02-29 09:32:17] [INFO   ] [Structure Registry] Registered Large Structure: OutpostPopulator 
[2024-02-29 09:32:17] [INFO   ] [Structure Registry] Registered Large Structure: PyramidPopulator 
[2024-02-29 09:32:17] [INFO   ] [Structure Registry] Registered Large Structure: MonumentPopulator 
[2024-02-29 09:32:17] [INFO   ] [Structure Registry] Registered Large Structure: StrongholdPopulator 
[2024-02-29 09:32:17] [INFO   ] [Structure Registry] Registered Large Structure: MansionPopulator 
[2024-02-29 09:32:17] [INFO   ] [Structure Registry] Registered Large Structure: AncientCityPopulator 
[2024-02-29 09:32:17] [INFO   ] [Structure Registry] Registered Large Structure: LargeCavePopulator 
[2024-02-29 09:32:17] [INFO   ] [Structure Registry] Registered Large Structure: MineshaftPopulator 
[2024-02-29 09:32:17] [INFO   ] [Structure Registry] Registered Large Structure: CatacombsPopulator 
[2024-02-29 09:32:17] [INFO   ] [Structure Registry] Registered Large Structure: BadlandsMinePopulator 
[2024-02-29 09:32:17] [INFO   ] [Structure Registry] Registered Large Structure: WarmOceanRuinsPopulator 
[2024-02-29 09:32:17] [INFO   ] [Structure Registry] Registered Large Structure: TrailRuinsPopulator 
[2024-02-29 09:32:17] [INFO   ] [Structure Registry] Registered Small Structure: SmallDungeonPopulator 
[2024-02-29 09:32:17] [INFO   ] [Structure Registry] Registered Small Structure: ShipwreckPopulator 
[2024-02-29 09:32:17] [INFO   ] [Structure Registry] Registered Small Structure: BuriedTreasurePopulator 
[2024-02-29 09:32:17] [INFO   ] [Structure Registry] Registered Small Structure: RuinedPortalPopulator 
[2024-02-29 09:32:17] [INFO   ] [Structure Registry] Registered Small Structure: IglooPopulator 
[2024-02-29 09:32:17] [INFO   ] [Structure Registry] Registered Small Structure: DesertWellPopulator 
[2024-02-29 09:32:17] [INFO   ] [Structure Registry] Registered Small Structure: WitchHutPopulator 
[2024-02-29 09:32:18] [INFO   ]  Detected world: world, commencing injection...  
[2024-02-29 09:32:18] [INFO   ] NMSChunkGenerator Delegate is of type CustomChunkGenerator 
[2024-02-29 09:32:18] [INFO   ] Java 14+ detected. 
[2024-02-29 09:32:18] [INFO   ]  Injection success! Proceeding with generation. 
[2024-02-29 09:32:21] [INFO   ]  world loaded. 
[2024-02-29 09:32:34] [INFO   ] Will spawn stronghold at: 172, -1397 
[2024-02-29 09:32:34] [INFO   ] Spawning MossyCavePopulator at 0,14,0 
[2024-02-29 09:32:34] [INFO   ] Spawning DeepCavePopulator at 0,-41,0 
[2024-02-29 09:32:35] [INFO   ] Spawning DripstoneClusterCavePopulator at 17,22,-15 
[2024-02-29 09:33:02] [INFO   ] Spawning LushClusterCavePopulator at -22,15,-61 
[2024-02-29 09:33:03] [INFO   ] Spawning CrystallineClusterCavePopulator at -105,42,61 
[2024-02-29 09:33:04] [INFO   ] Generating org.terraform.structure.small.dungeon.SmallDungeonPopulator at chunk: 9,-5 
[2024-02-29 09:33:04] [INFO   ] Spawning Underground Dungeon at 145,19,-71 
[2024-02-29 09:33:10] [INFO   ] Generating org.terraform.structure.small.buriedtreasure.BuriedTreasurePopulator at chunk: 6,11 
[2024-02-29 09:33:16] [INFO   ] Spawning FrozenCavePopulator at 223,-27,124 
[2024-02-29 09:33:17] [INFO   ] Generating org.terraform.structure.caves.LargeCavePopulator at chunk: -12,-12 
[2024-02-29 09:33:17] [INFO   ] Generating Large Cave at -192,25,-192 
[2024-02-29 09:33:17] [INFO   ] Generating org.terraform.structure.small.buriedtreasure.BuriedTreasurePopulator at chunk: -13,-16 
[2024-02-29 09:33:56] [INFO   ] Spawning ForestedMountainsCavePopulator at 239,51,164 
[2024-02-29 09:45:34] [INFO   ] Generating org.terraform.structure.small.dungeon.SmallDungeonPopulator at chunk: -19,9 
[2024-02-29 09:45:34] [INFO   ] Spawning Underground Dungeon at -301,35,157 
[2024-02-29 09:45:42] [INFO   ] Generating org.terraform.structure.small.dungeon.SmallDungeonPopulator at chunk: -21,-12 
[2024-02-29 09:45:42] [INFO   ] Spawning Underground Dungeon at -327,16,-184 
[2024-02-29 09:59:58] [INFO   ] Generating org.terraform.structure.caves.LargeCavePopulator at chunk: -12,20 
[2024-02-29 09:59:58] [INFO   ] Generating Large Mushroom Cave at -192,32,320 
[2024-02-29 10:01:31] [INFO   ] Generating org.terraform.structure.small.dungeon.SmallDungeonPopulator at chunk: -19,27 
[2024-02-29 10:01:31] [INFO   ] Spawning Underground Dungeon at -291,23,444 
[2024-02-29 10:05:23] [INFO   ] Generating org.terraform.structure.small.dungeon.SmallDungeonPopulator at chunk: -13,44 
[2024-02-29 10:05:23] [INFO   ] Spawning Underground Dungeon at -202,41,708 
[2024-02-29 10:06:42] [INFO   ] Generating org.terraform.structure.village.VillagePopulator at chunk: -12,52 
[2024-02-29 10:06:42] [INFO   ] Spawning plains village at -192,50,832 
[2024-02-29 10:06:42] [INFO   ] Registered: org.terraform.structure.village.plains.PlainsVillageForgePopulator at -193 0 856 in a room of size 19x18 
[2024-02-29 10:06:42] [INFO   ] Registered: org.terraform.structure.village.plains.PlainsVillageWellPopulator at -170 0 839 in a room of size 9x8 
[2024-02-29 10:06:42] [INFO   ] Registered: org.terraform.structure.village.plains.PlainsVillageTownhallPopulator at -192 76 832 in a room of size 24x24 
[2024-02-29 10:06:42] [INFO   ] Spawning farmhouse at -192,74,832 with rotation of SOUTH 
[2024-02-29 10:06:42] [INFO   ] Registered: org.terraform.structure.village.plains.PlainsVillageTemplePopulator at -214 0 856 in a room of size 18x19 
[2024-02-29 10:06:42] [INFO   ] Registered: org.terraform.structure.village.plains.PlainsVillageStandardHousePopulator at -215 0 834 in a room of size 18x18 
[2024-02-29 10:06:42] [INFO   ] Registered: org.terraform.structure.village.plains.PlainsVillageStandardHousePopulator at -171 0 856 in a room of size 20x19 
[2024-02-29 10:07:14] [INFO   ] Generating org.terraform.structure.small.dungeon.SmallDungeonPopulator at chunk: -37,49 
[2024-02-29 10:07:14] [INFO   ] Spawning Underground Dungeon at -581,28,787 
[2024-02-29 10:08:12] [INFO   ] Generating org.terraform.structure.small.ruinedportal.RuinedPortalPopulator at chunk: -19,85 
[2024-02-29 10:08:31] [INFO   ] Generating org.terraform.structure.small.dungeon.SmallDungeonPopulator at chunk: -41,80 
[2024-02-29 10:08:31] [INFO   ] Spawning Underground Dungeon at -647,27,1285 
[2024-02-29 10:08:58] [INFO   ] Generating org.terraform.structure.mineshaft.MineshaftPopulator at chunk: -44,84 
[2024-02-29 10:08:58] [INFO   ] Spawning mineshaft at: -704,1344 
[2024-02-29 10:09:01] [INFO   ] Generating org.terraform.structure.small.dungeon.SmallDungeonPopulator at chunk: -49,82 
[2024-02-29 10:09:01] [INFO   ] Spawning Underground Dungeon at -783,28,1313 
[2024-02-29 10:09:01] [INFO   ] Minecart with chest at: -619, 0, 1349 
[2024-02-29 10:09:01] [INFO   ] Minecart with chest at: -670, 0, 1349 
[2024-02-29 10:09:01] [INFO   ] Registered: org.terraform.structure.mineshaft.ShaftRoomPopulator at -719 0 1360 in a room of size 15x15 
[2024-02-29 10:09:01] [INFO   ] Registered: org.terraform.structure.mineshaft.ShaftRoomPopulator at -703 0 1329 in a room of size 13x14 
[2024-02-29 10:09:01] [INFO   ] Registered: org.terraform.structure.mineshaft.CaveSpiderDenPopulator at -654 0 1312 in a room of size 15x14 
[2024-02-29 10:09:01] [INFO   ] Registered: org.terraform.structure.mineshaft.SmeltingHallPopulator at -762 0 1357 in a room of size 15x14 
[2024-02-29 10:09:01] [INFO   ] Registered: org.terraform.structure.mineshaft.CaveSpiderDenPopulator at -676 0 1332 in a room of size 14x13 
[2024-02-29 10:09:01] [INFO   ] Registered: org.terraform.structure.mineshaft.CaveSpiderDenPopulator at -744 0 1291 in a room of size 14x14 
[2024-02-29 10:09:01] [INFO   ] Registered: org.terraform.structure.mineshaft.ShaftRoomPopulator at -674 0 1388 in a room of size 15x15 
[2024-02-29 10:09:01] [INFO   ] Registered: org.terraform.structure.mineshaft.ShaftRoomPopulator at -758 0 1326 in a room of size 13x15 
[2024-02-29 10:09:01] [INFO   ] Registered: org.terraform.structure.mineshaft.ShaftRoomPopulator at -698 0 1343 in a room of size 13x14 
[2024-02-29 10:09:02] [INFO   ] Minecart with chest at: -675, 15, 1406 
[2024-02-29 10:09:02] [INFO   ] Minecart with chest at: -714, 15, 1407 
[2024-02-29 10:09:02] [INFO   ] Minecart with chest at: -780, 15, 1335 
[2024-02-29 10:09:02] [INFO   ] Minecart with chest at: -712, 15, 1329 
[2024-02-29 10:09:02] [INFO   ] Registered: org.terraform.structure.mineshaft.SmeltingHallPopulator at -723 15 1269 in a room of size 17x14 
[2024-02-29 10:09:02] [INFO   ] Registered: org.terraform.structure.mineshaft.CaveSpiderDenPopulator at -757 15 1358 in a room of size 15x17 
[2024-02-29 10:09:02] [INFO   ] Registered: org.terraform.structure.mineshaft.ShaftTopPopulator at -719 15 1360 in a room of size 15x7 
[2024-02-29 10:09:02] [INFO   ] Registered: org.terraform.structure.mineshaft.ShaftTopPopulator at -674 15 1388 in a room of size 15x6 
[2024-02-29 10:09:02] [INFO   ] Registered: org.terraform.structure.mineshaft.SmeltingHallPopulator at -690 15 1380 in a room of size 14x13 
[2024-02-29 10:09:02] [INFO   ] Registered: org.terraform.structure.mineshaft.CaveSpiderDenPopulator at -670 15 1331 in a room of size 14x16 
[2024-02-29 10:09:02] [INFO   ] Registered: org.terraform.structure.mineshaft.ShaftTopPopulator at -758 15 1326 in a room of size 13x7 
[2024-02-29 10:09:02] [INFO   ] Registered: org.terraform.structure.mineshaft.SmeltingHallPopulator at -704 15 1407 in a room of size 17x13 
[2024-02-29 10:09:02] [INFO   ] Registered: org.terraform.structure.mineshaft.ShaftTopPopulator at -703 15 1329 in a room of size 13x5 
[2024-02-29 10:09:02] [INFO   ] Registered: org.terraform.structure.mineshaft.ShaftTopPopulator at -698 15 1343 in a room of size 13x7 
[2024-02-29 12:36:57] [INFO   ]  Custom Logger Initialized 
[2024-02-29 12:36:57] [INFO   ] [NOTICE] TerraformGenerator will suppress the server's watchdog while generating chunks to prevent unnecessary stacktrace warnings. Unless you specifically need thewatchdog now (to take aikar timings or debug lag), you don't need to take any action. 
[2024-02-29 12:36:57] [INFO   ] It is recommended to pregenerate to reduce lag problems. 
[2024-02-29 12:36:57] [INFO   ] Watchdog Thread hooked. 
[2024-02-29 12:36:57] [INFO   ]  bStats Metrics enabled. 
[2024-02-29 12:36:57] [INFO   ]  Detected version: v1_20_R2, number: 20.2 
[2024-02-29 12:36:58] [INFO   ] Unfreezing biome registry... 
[2024-02-29 12:36:58] [INFO   ] Registered custom biome: muddy_bog 
[2024-02-29 12:36:58] [INFO   ] Registered custom biome: cherry_grove 
[2024-02-29 12:36:58] [INFO   ] Registered custom biome: scarlet_forest 
[2024-02-29 12:36:58] [INFO   ] Registered custom biome: crystalline_cluster 
[2024-02-29 12:36:58] [INFO   ] Freezing biome registry 
[2024-02-29 12:36:58] [INFO   ] [Structure Registry] Registered Large Structure: VillageHousePopulator 
[2024-02-29 12:36:58] [INFO   ] [Structure Registry] Registered Large Structure: VillagePopulator 
[2024-02-29 12:36:58] [INFO   ] [Structure Registry] Registered Large Structure: OutpostPopulator 
[2024-02-29 12:36:58] [INFO   ] [Structure Registry] Registered Large Structure: PyramidPopulator 
[2024-02-29 12:36:58] [INFO   ] [Structure Registry] Registered Large Structure: MonumentPopulator 
[2024-02-29 12:36:58] [INFO   ] [Structure Registry] Registered Large Structure: StrongholdPopulator 
[2024-02-29 12:36:58] [INFO   ] [Structure Registry] Registered Large Structure: MansionPopulator 
[2024-02-29 12:36:58] [INFO   ] [Structure Registry] Registered Large Structure: AncientCityPopulator 
[2024-02-29 12:36:58] [INFO   ] [Structure Registry] Registered Large Structure: LargeCavePopulator 
[2024-02-29 12:36:58] [INFO   ] [Structure Registry] Registered Large Structure: MineshaftPopulator 
[2024-02-29 12:36:58] [INFO   ] [Structure Registry] Registered Large Structure: CatacombsPopulator 
[2024-02-29 12:36:58] [INFO   ] [Structure Registry] Registered Large Structure: BadlandsMinePopulator 
[2024-02-29 12:36:58] [INFO   ] [Structure Registry] Registered Large Structure: WarmOceanRuinsPopulator 
[2024-02-29 12:36:58] [INFO   ] [Structure Registry] Registered Large Structure: TrailRuinsPopulator 
[2024-02-29 12:36:58] [INFO   ] [Structure Registry] Registered Small Structure: SmallDungeonPopulator 
[2024-02-29 12:36:58] [INFO   ] [Structure Registry] Registered Small Structure: ShipwreckPopulator 
[2024-02-29 12:36:58] [INFO   ] [Structure Registry] Registered Small Structure: BuriedTreasurePopulator 
[2024-02-29 12:36:58] [INFO   ] [Structure Registry] Registered Small Structure: RuinedPortalPopulator 
[2024-02-29 12:36:58] [INFO   ] [Structure Registry] Registered Small Structure: IglooPopulator 
[2024-02-29 12:36:58] [INFO   ] [Structure Registry] Registered Small Structure: DesertWellPopulator 
[2024-02-29 12:36:58] [INFO   ] [Structure Registry] Registered Small Structure: WitchHutPopulator 
[2024-02-29 12:36:59] [INFO   ]  Detected world: world, commencing injection...  
[2024-02-29 12:36:59] [INFO   ] NMSChunkGenerator Delegate is of type CustomChunkGenerator 
[2024-02-29 12:36:59] [INFO   ] Java 14+ detected. 
[2024-02-29 12:36:59] [INFO   ]  Injection success! Proceeding with generation. 
[2024-02-29 12:36:59] [INFO   ]  world loaded. 
[2024-02-29 12:39:27] [INFO   ] Will spawn stronghold at: 172, -1397 
[2024-02-29 12:39:27] [INFO   ] Spawning MossyCavePopulator at -736,52,1680 
[2024-02-29 12:39:27] [INFO   ] Spawning DeepCavePopulator at -734,-33,1680 
[2024-02-29 12:39:35] [INFO   ] Spawning DripstoneClusterCavePopulator at -719,26,1711 
[2024-02-29 12:39:36] [INFO   ] Spawning CrystallineClusterCavePopulator at -623,6,1697 
[2024-02-29 12:39:36] [INFO   ] Spawning FrozenCavePopulator at -515,18,1709 
[2024-02-29 12:39:36] [INFO   ] Spawning LushClusterCavePopulator at -398,34,1711 
[2024-02-29 12:39:42] [INFO   ] Generating org.terraform.structure.small.dungeon.SmallDungeonPopulator at chunk: -21,107 
[2024-02-29 12:39:42] [INFO   ] Spawning Underground Dungeon at -322,10,1723 
[2024-02-29 12:47:09] [INFO   ] Generating org.terraform.structure.mineshaft.MineshaftPopulator at chunk: -44,52 
[2024-02-29 12:47:09] [INFO   ] Spawning mineshaft at: -704,832 
[2024-02-29 12:47:12] [INFO   ] Minecart with chest at: -716, 11, 889 
[2024-02-29 12:47:12] [INFO   ] Minecart with chest at: -650, 11, 889 
[2024-02-29 12:47:12] [INFO   ] Minecart with chest at: -766, 11, 846 
[2024-02-29 12:47:12] [INFO   ] Registered: org.terraform.structure.mineshaft.ShaftRoomPopulator at -740 11 889 in a room of size 14x16 
[2024-02-29 12:47:12] [INFO   ] Registered: org.terraform.structure.mineshaft.SmeltingHallPopulator at -709 11 819 in a room of size 17x16 
[2024-02-29 12:47:12] [INFO   ] Registered: org.terraform.structure.mineshaft.SmeltingHallPopulator at -738 11 858 in a room of size 14x17 
[2024-02-29 12:47:12] [INFO   ] Registered: org.terraform.structure.mineshaft.SmeltingHallPopulator at -635 11 798 in a room of size 14x17 
[2024-02-29 12:47:12] [INFO   ] Registered: org.terraform.structure.mineshaft.SmeltingHallPopulator at -711 11 880 in a room of size 17x17 
[2024-02-29 12:47:12] [INFO   ] Registered: org.terraform.structure.mineshaft.ShaftRoomPopulator at -761 11 831 in a room of size 17x16 
[2024-02-29 12:47:13] [INFO   ] Minecart with chest at: -707, 26, 853 
[2024-02-29 12:47:13] [INFO   ] Registered: org.terraform.structure.mineshaft.CaveSpiderDenPopulator at -651 26 809 in a room of size 16x15 
[2024-02-29 12:47:13] [INFO   ] Registered: org.terraform.structure.mineshaft.CaveSpiderDenPopulator at -631 26 777 in a room of size 13x16 
[2024-02-29 12:47:13] [INFO   ] Registered: org.terraform.structure.mineshaft.ShaftTopPopulator at -740 26 889 in a room of size 14x7 
[2024-02-29 12:47:13] [INFO   ] Registered: org.terraform.structure.mineshaft.ShaftTopPopulator at -761 26 831 in a room of size 17x6 
[2024-02-29 12:47:13] [INFO   ] Registered: org.terraform.structure.mineshaft.SmeltingHallPopulator at -707 26 779 in a room of size 13x14 
[2024-02-29 12:47:13] [INFO   ] Registered: org.terraform.structure.mineshaft.SmeltingHallPopulator at -748 26 849 in a room of size 16x17 
[2024-02-29 12:47:13] [INFO   ] Registered: org.terraform.structure.mineshaft.CaveSpiderDenPopulator at -654 26 892 in a room of size 13x13 
[2024-02-29 12:47:13] [INFO   ] Registered: org.terraform.structure.mineshaft.CaveSpiderDenPopulator at -764 26 897 in a room of size 13x16 
[2024-02-29 12:47:13] [INFO   ] Registered: org.terraform.structure.mineshaft.CaveSpiderDenPopulator at -631 26 860 in a room of size 13x14 
[2024-02-29 12:47:13] [INFO   ] Registered: org.terraform.structure.mineshaft.CaveSpiderDenPopulator at -744 26 821 in a room of size 16x17 
[2024-02-29 12:47:13] [INFO   ] Registered: org.terraform.structure.mineshaft.SmeltingHallPopulator at -645 26 852 in a room of size 14x14 
[2024-02-29 12:50:44] [INFO   ] Generating org.terraform.structure.small.dungeon.SmallDungeonPopulator at chunk: 14,56 
[2024-02-29 12:50:44] [INFO   ] Spawning Underground Dungeon at 235,34,903 
[2024-02-29 15:40:45] [INFO   ]  Custom Logger Initialized 
[2024-02-29 15:40:45] [INFO   ] [NOTICE] TerraformGenerator will suppress the server's watchdog while generating chunks to prevent unnecessary stacktrace warnings. Unless you specifically need thewatchdog now (to take aikar timings or debug lag), you don't need to take any action. 
[2024-02-29 15:40:45] [INFO   ] It is recommended to pregenerate to reduce lag problems. 
[2024-02-29 15:40:45] [INFO   ] Watchdog Thread hooked. 
[2024-02-29 15:40:45] [INFO   ]  bStats Metrics enabled. 
[2024-02-29 15:40:45] [INFO   ]  Detected version: v1_20_R2, number: 20.2 
[2024-02-29 15:40:45] [INFO   ] Unfreezing biome registry... 
[2024-02-29 15:40:45] [INFO   ] Registered custom biome: muddy_bog 
[2024-02-29 15:40:45] [INFO   ] Registered custom biome: cherry_grove 
[2024-02-29 15:40:45] [INFO   ] Registered custom biome: scarlet_forest 
[2024-02-29 15:40:45] [INFO   ] Registered custom biome: crystalline_cluster 
[2024-02-29 15:40:45] [INFO   ] Freezing biome registry 
[2024-02-29 15:40:45] [INFO   ] [Structure Registry] Registered Large Structure: VillageHousePopulator 
[2024-02-29 15:40:45] [INFO   ] [Structure Registry] Registered Large Structure: VillagePopulator 
[2024-02-29 15:40:45] [INFO   ] [Structure Registry] Registered Large Structure: OutpostPopulator 
[2024-02-29 15:40:45] [INFO   ] [Structure Registry] Registered Large Structure: PyramidPopulator 
[2024-02-29 15:40:45] [INFO   ] [Structure Registry] Registered Large Structure: MonumentPopulator 
[2024-02-29 15:40:45] [INFO   ] [Structure Registry] Registered Large Structure: StrongholdPopulator 
[2024-02-29 15:40:45] [INFO   ] [Structure Registry] Registered Large Structure: MansionPopulator 
[2024-02-29 15:40:45] [INFO   ] [Structure Registry] Registered Large Structure: AncientCityPopulator 
[2024-02-29 15:40:45] [INFO   ] [Structure Registry] Registered Large Structure: LargeCavePopulator 
[2024-02-29 15:40:45] [INFO   ] [Structure Registry] Registered Large Structure: MineshaftPopulator 
[2024-02-29 15:40:45] [INFO   ] [Structure Registry] Registered Large Structure: CatacombsPopulator 
[2024-02-29 15:40:45] [INFO   ] [Structure Registry] Registered Large Structure: BadlandsMinePopulator 
[2024-02-29 15:40:45] [INFO   ] [Structure Registry] Registered Large Structure: WarmOceanRuinsPopulator 
[2024-02-29 15:40:45] [INFO   ] [Structure Registry] Registered Large Structure: TrailRuinsPopulator 
[2024-02-29 15:40:45] [INFO   ] [Structure Registry] Registered Small Structure: SmallDungeonPopulator 
[2024-02-29 15:40:45] [INFO   ] [Structure Registry] Registered Small Structure: ShipwreckPopulator 
[2024-02-29 15:40:45] [INFO   ] [Structure Registry] Registered Small Structure: BuriedTreasurePopulator 
[2024-02-29 15:40:45] [INFO   ] [Structure Registry] Registered Small Structure: RuinedPortalPopulator 
[2024-02-29 15:40:45] [INFO   ] [Structure Registry] Registered Small Structure: IglooPopulator 
[2024-02-29 15:40:45] [INFO   ] [Structure Registry] Registered Small Structure: DesertWellPopulator 
[2024-02-29 15:40:45] [INFO   ] [Structure Registry] Registered Small Structure: WitchHutPopulator 
[2024-02-29 15:40:46] [INFO   ]  Detected world: world, commencing injection...  
[2024-02-29 15:40:46] [INFO   ] NMSChunkGenerator Delegate is of type CustomChunkGenerator 
[2024-02-29 15:40:46] [INFO   ] Java 14+ detected. 
[2024-02-29 15:40:46] [INFO   ]  Injection success! Proceeding with generation. 
[2024-02-29 15:40:47] [INFO   ]  world loaded. 
[2024-02-29 15:42:56] [INFO   ] Will spawn stronghold at: 172, -1397 
[2024-02-29 15:42:56] [INFO   ] Spawning ForestedMountainsCavePopulator at 48,80,272 
[2024-02-29 15:42:56] [INFO   ] Spawning DripstoneClusterCavePopulator at 56,79,277 
[2024-02-29 15:42:56] [INFO   ] Spawning DeepCavePopulator at 91,-33,283 
[2024-02-29 15:42:56] [INFO   ] Spawning MossyCavePopulator at 93,66,272 
[2024-02-29 15:42:56] [INFO   ] Spawning CrystallineClusterCavePopulator at 102,40,285 
[2024-02-29 15:43:11] [INFO   ] Spawning LushClusterCavePopulator at 63,80,298 
[2024-02-29 15:43:51] [INFO   ] Spawning FrozenCavePopulator at 424,22,32 
