12.03.2024 - 07:43:03 - [TAB v4.1.2] Something just tried to add player Suvrajit into team collideRule_-214 (expected team: 0SuvrajitA)
12.03.2024 - 07:50:22 - [TAB v4.1.2] Something just tried to add player Suvrajit into team collideRule_-550 (expected team: 0SuvrajitA)
12.03.2024 - 10:59:31 - [TAB v4.1.2] Something just tried to add player Suvrajit into team collideRule_2075 (expected team: 0SuvrajitA)
12.03.2024 - 12:13:20 - [TAB v4.1.2] Something just tried to add player Suvrajit into team collideRule_2036 (expected team: 0SuvrajitA)
12.03.2024 - 12:43:12 - [TAB v4.1.2] Something just tried to add player Suvrajit into team collideRule_-113 (expected team: 0SuvrajitA)
12.03.2024 - 12:52:48 - [TAB v4.1.2] Something just tried to add player Suvrajit into team collideRule_-254 (expected team: 0SuvrajitA)
12.03.2024 - 12:55:13 - [TAB v4.1.2] Something just tried to add player Suvrajit into team collideRule_-285 (expected team: 0SuvrajitA)
12.03.2024 - 12:59:04 - [TAB v4.1.2] Something just tried to add player Suvrajit into team collideRule_1118 (expected team: 0SuvrajitA)
12.03.2024 - 13:10:12 - [TAB v4.1.2] Something just tried to add player Suvrajit into team collideRule_1199 (expected team: 0SuvrajitA)
12.03.2024 - 13:17:41 - [TAB v4.1.2] Something just tried to add player Suvrajit into team collideRule_-485 (expected team: 0SuvrajitA)
12.03.2024 - 13:23:09 - [TAB v4.1.2] Something just tried to add player Suvrajit into team collideRule_2441 (expected team: 0SuvrajitA)
13.03.2024 - 03:29:54 - [TAB v4.1.2] Something just tried to add player Suvrajit into team collideRule_-515 (expected team: 0SuvrajitA)
13.03.2024 - 08:03:51 - [TAB v4.1.2] Something just tried to add player Suvrajit into team collideRule_-172 (expected team: 0SuvrajitA)
13.03.2024 - 10:55:04 - [TAB v4.1.2] Something just tried to add player Suvrajit into team collideRule_-150 (expected team: 0SuvrajitA)
13.03.2024 - 15:32:38 - [TAB v4.1.2] Something just tried to add player Suvrajit into team collideRule_-764 (expected team: 0SuvrajitA)
13.03.2024 - 16:00:30 - [TAB v4.1.2] Something just tried to add player Suvrajit into team collideRule_-529 (expected team: 0SuvrajitA)
14.03.2024 - 02:31:01 - [TAB v4.1.2] Something just tried to add player Suvrajit into team collideRule_-143 (expected team: 0SuvrajitA)
14.03.2024 - 06:28:17 - [TAB v4.1.2] Something just tried to add player Suvrajit into team collideRule_-125 (expected team: 0SuvrajitA)
14.03.2024 - 08:06:26 - [TAB v4.1.2] Something just tried to add player Suvrajit into team collideRule_2016 (expected team: 0SuvrajitA)
14.03.2024 - 11:07:41 - [TAB v4.1.2] Something just tried to add player Suvrajit into team collideRule_6680 (expected team: 0SuvrajitA)
14.03.2024 - 15:29:17 - [TAB v4.1.2] Something just tried to add player Suvrajit into team collideRule_-209 (expected team: 0SuvrajitA)
15.03.2024 - 12:35:00 - [TAB v4.1.2] Something just tried to add player Suvrajit into team collideRule_-141 (expected team: 0SuvrajitA)
15.03.2024 - 13:26:49 - [TAB v4.1.2] Something just tried to add player Suvrajit into team collideRule_-206 (expected team: 0SuvrajitA)
15.03.2024 - 13:38:38 - [TAB v4.1.2] Something just tried to add player Suvrajit into team collideRule_-193 (expected team: 0SuvrajitA)
15.03.2024 - 13:56:40 - [TAB v4.1.2] Something just tried to add player Suvrajit into team collideRule_1892 (expected team: 0SuvrajitA)
15.03.2024 - 14:02:20 - [TAB v4.1.2] Something just tried to add player Suvrajit into team collideRule_-770 (expected team: 0SuvrajitA)
16.03.2024 - 05:00:37 - [TAB v4.1.2] Something just tried to add player Suvrajit into team collideRule_7052 (expected team: 0SuvrajitA)
16.03.2024 - 14:33:52 - [TAB v4.1.2] Something just tried to add player Suvrajit into team collideRule_4130 (expected team: 0SuvrajitA)
17.03.2024 - 03:36:34 - [TAB v4.1.2] Something just tried to add player Suvrajit into team collideRule_5391 (expected team: 0SuvrajitA)
17.03.2024 - 03:38:52 - [TAB v4.1.2] Something just tried to add player Btest into team collideRule_5391 (expected team: 8BtestA)
17.03.2024 - 03:46:02 - [TAB v4.1.2] Something just tried to add player Suvrajit into team collideRule_-631 (expected team: 0SuvrajitA)
17.03.2024 - 03:46:52 - [TAB v4.1.2] Something just tried to add player Btest into team collideRule_-631 (expected team: 8BtestA)
17.03.2024 - 04:18:49 - [TAB v4.1.2] Something just tried to add player Suvrajit into team collideRule_-706 (expected team: 0SuvrajitA)
17.03.2024 - 05:30:41 - [TAB v4.1.2] Something just tried to add player Suvrajit into team collideRule_8711 (expected team: 0SuvrajitA)
17.03.2024 - 06:08:07 - [TAB v4.1.2] Something just tried to add player Suvrajit into team collideRule_1263 (expected team: 0SuvrajitA)
17.03.2024 - 06:10:16 - [TAB v4.1.2] Something just tried to add player Suvrajit into team collideRule_-636 (expected team: 0SuvrajitA)
17.03.2024 - 06:20:50 - [TAB v4.1.2] Something just tried to add player Suvrajit into team collideRule_-313 (expected team: 0SuvrajitA)
17.03.2024 - 06:50:17 - [TAB v4.1.2] Something just tried to add player Suvrajit into team collideRule_2729 (expected team: 0SuvrajitA)
17.03.2024 - 06:52:56 - [TAB v4.1.2] Something just tried to add player Suvrajit into team collideRule_-295 (expected team: 0SuvrajitA)
17.03.2024 - 07:11:03 - [TAB v4.1.2] Something just tried to add player Suvrajit into team collideRule_2058 (expected team: 0SuvrajitA)
17.03.2024 - 08:33:08 - [TAB v4.1.2] Something just tried to add player Suvrajit into team collideRule_3783 (expected team: 0SuvrajitA)
17.03.2024 - 08:41:11 - [TAB v4.1.2] Something just tried to add player Suvrajit into team collideRule_9675 (expected team: 0SuvrajitA)
17.03.2024 - 09:00:09 - [TAB v4.1.2] Something just tried to add player Suvrajit into team collideRule_-216 (expected team: 0SuvrajitA)
17.03.2024 - 09:02:37 - [TAB v4.1.2] Something just tried to add player Suvrajit into team collideRule_1188 (expected team: 0SuvrajitA)
18.03.2024 - 11:25:35 - [TAB v4.1.2] Something just tried to add player Suvrajit into team collideRule_1761 (expected team: 0SuvrajitA)
18.03.2024 - 11:29:44 - [TAB v4.1.2] Something just tried to add player Btest into team collideRule_1761 (expected team: 8BtestA)
18.03.2024 - 11:33:47 - [TAB v4.1.2] Something just tried to add player Suvrajit into team collideRule_2093 (expected team: 0SuvrajitA)
18.03.2024 - 11:35:37 - [TAB v4.1.2] Something just tried to add player Suvrajit into team collideRule_2666 (expected team: 0SuvrajitA)
18.03.2024 - 11:37:21 - [TAB v4.1.2] Something just tried to add player Suvrajit into team collideRule_7390 (expected team: 0SuvrajitA)
18.03.2024 - 11:40:50 - [TAB v4.1.2] Something just tried to add player Suvrajit into team collideRule_8753 (expected team: 0SuvrajitA)
18.03.2024 - 11:49:09 - [TAB v4.1.2] Something just tried to add player Suvrajit into team collideRule_-130 (expected team: 0SuvrajitA)
18.03.2024 - 16:02:51 - [TAB v4.1.2] Something just tried to add player Legendaryxxx into team collideRule_7385 (expected team: :LegendaryxxxA)
18.03.2024 - 16:04:51 - [TAB v4.1.2] Something just tried to add player Suvrajit into team collideRule_7385 (expected team: 3SuvrajitA)
19.03.2024 - 07:05:06 - [TAB v4.1.2] Something just tried to add player Suvrajit into team collideRule_-196 (expected team: 3SuvrajitA)
19.03.2024 - 07:31:23 - [TAB v4.1.2] Something just tried to add player Suvrajit into team collideRule_4478 (expected team: 3SuvrajitA)
19.03.2024 - 07:38:27 - [TAB v4.1.2] Something just tried to add player Suvrajit into team collideRule_1807 (expected team: 3SuvrajitA)
19.03.2024 - 07:41:21 - [TAB v4.1.2] Something just tried to add player Suvrajit into team collideRule_2060 (expected team: 3SuvrajitA)
19.03.2024 - 07:53:38 - [TAB v4.1.2] Something just tried to add player Suvrajit into team collideRule_-583 (expected team: 0SuvrajitA)
19.03.2024 - 08:44:50 - [TAB v4.1.2] Something just tried to add player Suvrajit into team collideRule_-857 (expected team: 0SuvrajitA)
19.03.2024 - 08:57:31 - [TAB v4.1.2] Something just tried to add player Btest into team collideRule_2083 (expected team: 8BtestA)
19.03.2024 - 08:57:54 - [TAB v4.1.2] Something just tried to add player Suvrajit into team collideRule_2083 (expected team: 0SuvrajitA)
19.03.2024 - 09:19:48 - [TAB v4.1.2] Something just tried to add player Suvrajit into team collideRule_3843 (expected team: 0SuvrajitA)
19.03.2024 - 09:32:06 - [TAB v4.1.2] Something just tried to add player Suvrajit into team collideRule_1419 (expected team: 0SuvrajitA)
19.03.2024 - 09:39:39 - [TAB v4.1.2] Something just tried to add player Suvrajit into team collideRule_-945 (expected team: 0SuvrajitA)
19.03.2024 - 13:37:49 - [TAB v4.1.2] Something just tried to add player Suvrajit into team collideRule_-146 (expected team: 0SuvrajitA)
19.03.2024 - 13:49:19 - [TAB v4.1.2] Something just tried to add player Suvrajit into team collideRule_9709 (expected team: 0SuvrajitA)
20.03.2024 - 04:05:55 - [TAB v4.1.2] Something just tried to add player Suvrajit into team collideRule_-172 (expected team: :SuvrajitA)
20.03.2024 - 04:26:43 - [TAB v4.1.2] Something just tried to add player Btest1 into team collideRule_-172 (expected team: :Btest1A)
20.03.2024 - 04:36:39 - [TAB v4.1.2] Something just tried to add player Suvrajit into team collideRule_-529 (expected team: :SuvrajitA)
20.03.2024 - 04:46:52 - [TAB v4.1.2] Something just tried to add player Suvrajit into team collideRule_2033 (expected team: :SuvrajitA)
20.03.2024 - 04:48:03 - [TAB v4.1.2] Something just tried to add player Btest into team collideRule_2033 (expected team: 8BtestA)
20.03.2024 - 04:51:35 - [TAB v4.1.2] Something just tried to add player Btest1 into team collideRule_2033 (expected team: :Btest1A)
20.03.2024 - 04:52:41 - [TAB v4.1.2] Something just tried to add player Btest2 into team collideRule_2033 (expected team: :Btest2A)
20.03.2024 - 04:58:10 - [TAB v4.1.2] Something just tried to add player Suvrajit into team collideRule_-814 (expected team: :SuvrajitA)
20.03.2024 - 04:58:45 - [TAB v4.1.2] Something just tried to add player Btest1 into team collideRule_-814 (expected team: :Btest1A)
20.03.2024 - 04:58:45 - [TAB v4.1.2] Something just tried to add player Btest into team collideRule_-814 (expected team: 8BtestA)
20.03.2024 - 04:58:45 - [TAB v4.1.2] Something just tried to add player Btest2 into team collideRule_-814 (expected team: :Btest2A)
20.03.2024 - 05:01:15 - [TAB v4.1.2] Something just tried to add player Suvrajit into team collideRule_1732 (expected team: :SuvrajitA)
20.03.2024 - 05:01:28 - [TAB v4.1.2] Something just tried to add player Btest2 into team collideRule_1732 (expected team: :Btest2A)
20.03.2024 - 05:16:45 - [TAB v4.1.2] Something just tried to add player Btest1 into team collideRule_1732 (expected team: :Btest1A)
20.03.2024 - 05:29:10 - [TAB v4.1.2] Something just tried to add player Suvrajit into team collideRule_-165 (expected team: :SuvrajitA)
20.03.2024 - 05:33:09 - [TAB v4.1.2] Something just tried to add player Btest into team collideRule_-165 (expected team: 8BtestA)
20.03.2024 - 05:35:22 - [TAB v4.1.2] Something just tried to add player Btest4 into team collideRule_-165 (expected team: :Btest4A)
20.03.2024 - 05:37:38 - [TAB v4.1.2] Something just tried to add player Btest5 into team collideRule_-165 (expected team: :Btest5A)
20.03.2024 - 05:59:43 - [TAB v4.1.2] Something just tried to add player Btest6 into team collideRule_-165 (expected team: :Btest6A)
20.03.2024 - 06:26:03 - [TAB v4.1.2] Something just tried to add player Btest6 into team collideRule_-146 (expected team: :Btest6A)
20.03.2024 - 06:28:12 - [TAB v4.1.2] Something just tried to add player Suvrajit into team collideRule_-146 (expected team: :SuvrajitA)
20.03.2024 - 06:28:22 - [TAB v4.1.2] Something just tried to add player Btest7 into team collideRule_-146 (expected team: :Btest7A)
20.03.2024 - 06:45:43 - [TAB v4.1.2] Something just tried to add player Btest8 into team collideRule_-146 (expected team: :Btest8A)
20.03.2024 - 06:46:19 - [TAB v4.1.2] Something just tried to add player Btest9 into team collideRule_-146 (expected team: :Btest9A)
20.03.2024 - 07:11:35 - [TAB v4.1.2] Something just tried to add player Suvrajit into team collideRule_-189 (expected team: :SuvrajitA)
20.03.2024 - 07:24:25 - [TAB v4.1.2] Something just tried to add player Btest10 into team collideRule_-189 (expected team: :Btest10A)
20.03.2024 - 07:33:56 - [TAB v4.1.2] Something just tried to add player Suvrajit into team collideRule_-137 (expected team: :SuvrajitA)
20.03.2024 - 07:38:06 - [TAB v4.1.2] Something just tried to add player Suvrajit into team collideRule_1223 (expected team: 0SuvrajitA)
20.03.2024 - 07:43:15 - [TAB v4.1.2] Something just tried to add player Suvrajit into team collideRule_1589 (expected team: 0SuvrajitA)
20.03.2024 - 08:27:55 - [TAB v4.1.2] Something just tried to add player Btest into team collideRule_-154 (expected team: 8BtestA)
20.03.2024 - 08:30:37 - [TAB v4.1.2] Something just tried to add player Suvrajit into team collideRule_-154 (expected team: 0SuvrajitA)
20.03.2024 - 10:37:37 - [TAB v4.1.2] Something just tried to add player Suvrajit into team collideRule_2197 (expected team: 0SuvrajitA)
20.03.2024 - 10:37:45 - [TAB v4.1.2] Something just tried to add player Btest into team collideRule_2197 (expected team: 8BtestA)
20.03.2024 - 10:46:06 - [TAB v4.1.2] Something just tried to add player Suvrajit into team collideRule_-167 (expected team: 0SuvrajitA)
20.03.2024 - 10:47:08 - [TAB v4.1.2] Something just tried to add player Btest into team collideRule_-167 (expected team: 8BtestA)
21.03.2024 - 03:12:49 - [TAB v4.1.2] Something just tried to add player Suvrajit into team collideRule_-172 (expected team: :SuvrajitA)
21.03.2024 - 04:40:22 - [TAB v4.1.2] Something just tried to add player Suvrajit into team collideRule_-190 (expected team: :SuvrajitA)
