{"sequence":296,"method":"a","level":WARNING,"logger":"CrateReloaded","thread":33,"millis":1709898697115,"message":"Configuration key, [hologram-plugin], is not set. Defaulting to [HolographicDisplays].","class":"crate.aw"}
{"sequence":297,"method":"a","level":INFO,"logger":"CrateReloaded","thread":33,"millis":1709898697120,"message":"Plugin is not enabled: HolographicDisplays","class":"crate.em"}
{"sequence":298,"method":"a","level":INFO,"logger":"CrateReloaded","thread":33,"millis":1709898697121,"message":"Provider: Vault","class":"com.hazebyte.crate.cratereloaded.CorePlugin"}
{"sequence":299,"method":"a","level":WARNING,"logger":"CrateReloaded","thread":33,"millis":1709898697143,"message":"Configuration key, [timezone], is not set. Defaulting to [sun.util.calendar.ZoneInfo[id=\"Etc\/UTC\",offset=0,dstSavings=0,useDaylight=false,transitions=0,lastRule=null]].","class":"crate.aw"}
{"sequence":300,"method":"a","level":WARNING,"logger":"CrateReloaded","thread":33,"millis":1709898697153,"message":"Configuration key, [decimal-format], is not set. Defaulting to [#].","class":"crate.aw"}
{"sequence":301,"method":"a","level":WARNING,"logger":"CrateReloaded","thread":33,"millis":1709898697182,"message":"Configuration key, [crate.roulette], is not set. Defaulting to [5].","class":"crate.aw"}
{"sequence":302,"method":"a","level":WARNING,"logger":"CrateReloaded","thread":33,"millis":1709898697191,"message":"Configuration key, [crate.csgo], is not set. Defaulting to [6].","class":"crate.aw"}
{"sequence":303,"method":"em","level":INFO,"logger":"CrateReloaded","thread":33,"millis":1709898697194,"message":"Crate Configurations (1): crate.yml ","class":"crate.cV"}
{"sequence":645,"method":"run","level":INFO,"logger":"CrateReloaded","thread":33,"millis":1709898714103,"message":"Detected World Load: [bskyblock_world_nether]. Reloading key crates.","class":"crate.ch"}
{"sequence":666,"method":"a","level":WARNING,"logger":"CrateReloaded","thread":33,"millis":1709898823652,"message":"Configuration key, [claim.reminder.join], is not set. Defaulting to [true].","class":"crate.aw"}
{"sequence":670,"method":"a","level":WARNING,"logger":"CrateReloaded","thread":33,"millis":1709898861850,"message":"Configuration key, [crate.hologram.x], is not set. Defaulting to [0.0].","class":"crate.aw"}
{"sequence":671,"method":"a","level":WARNING,"logger":"CrateReloaded","thread":33,"millis":1709898861851,"message":"Configuration key, [crate.hologram.y], is not set. Defaulting to [0.0].","class":"crate.aw"}
{"sequence":672,"method":"a","level":WARNING,"logger":"CrateReloaded","thread":33,"millis":1709898861851,"message":"Configuration key, [crate.hologram.z], is not set. Defaulting to [0.0].","class":"crate.aw"}
{"sequence":674,"method":"a","level":WARNING,"logger":"CrateReloaded","thread":33,"millis":1709898870564,"message":"Configuration key, [creative.safety], is not set. Defaulting to [true].","class":"crate.aw"}
{"sequence":675,"method":"a","level":WARNING,"logger":"CrateReloaded","thread":33,"millis":1709898870565,"message":"Configuration key, [crate.compare], is not set. Defaulting to [0].","class":"crate.aw"}
{"sequence":676,"method":"a","level":WARNING,"logger":"CrateReloaded","thread":33,"millis":1709898870566,"message":"Configuration key, [crate.pushback.enabled], is not set. Defaulting to [true].","class":"crate.aw"}
{"sequence":677,"method":"a","level":WARNING,"logger":"CrateReloaded","thread":33,"millis":1709898870566,"message":"Configuration key, [crate.pushback.x], is not set. Defaulting to [1.0].","class":"crate.aw"}
{"sequence":678,"method":"a","level":WARNING,"logger":"CrateReloaded","thread":33,"millis":1709898870567,"message":"Configuration key, [crate.pushback.y], is not set. Defaulting to [1.0].","class":"crate.aw"}
{"sequence":679,"method":"a","level":WARNING,"logger":"CrateReloaded","thread":33,"millis":1709898870567,"message":"Configuration key, [crate.pushback.z], is not set. Defaulting to [0.0].","class":"crate.aw"}
{"sequence":740,"method":"disablePlugin","level":INFO,"logger":"CrateReloaded","thread":33,"millis":1709898912888,"message":"Disabling CrateReloaded v2.3.4","class":"io.papermc.paper.plugin.manager.PaperPluginInstanceManager"}
