[08/03/2024 05:54:16] Suvrajit received 5,000 gold from Suvrajit. New balance: 5,000
[08/03/2024 05:55:39] Suvrajit lost 40 gold by CONSOLE. New balance: 4,960
[10/03/2024 12:20:30] Suvrajit lost 40 gold by CONSOLE. New balance: 4,920
[10/03/2024 12:22:17] Suvrajit lost 40 gold by CONSOLE. New balance: 4,880
[10/03/2024 12:22:24] Suvrajit lost 40 gold by CONSOLE. New balance: 4,840
[10/03/2024 12:22:25] Suvrajit lost 40 gold by CONSOLE. New balance: 4,800
[10/03/2024 12:22:25] Suvrajit lost 40 gold by CONSOLE. New balance: 4,760
[10/03/2024 12:22:26] Suvrajit lost 40 gold by CONSOLE. New balance: 4,720
[10/03/2024 12:22:27] Suvrajit lost 40 gold by CONSOLE. New balance: 4,680
[10/03/2024 12:23:12] Suvrajit lost 40 gold by CONSOLE. New balance: 4,640
[10/03/2024 12:24:32] Suvrajit lost 40 gold by CONSOLE. New balance: 4,600
[10/03/2024 12:25:18] Suvrajit lost 40 gold by CONSOLE. New balance: 4,560
[10/03/2024 12:25:28] Suvrajit lost 40 gold by CONSOLE. New balance: 4,520
[10/03/2024 12:25:28] Suvrajit lost 40 gold by CONSOLE. New balance: 4,480
[10/03/2024 12:25:29] Suvrajit lost 40 gold by CONSOLE. New balance: 4,440
[10/03/2024 12:25:29] Suvrajit lost 40 gold by CONSOLE. New balance: 4,400
[10/03/2024 12:25:29] Suvrajit lost 40 gold by CONSOLE. New balance: 4,360
[10/03/2024 12:25:49] Suvrajit lost 40 gold by CONSOLE. New balance: 4,320
[10/03/2024 12:25:56] Suvrajit lost 40 gold by CONSOLE. New balance: 4,280
[10/03/2024 12:25:57] Suvrajit lost 40 gold by CONSOLE. New balance: 4,240
[10/03/2024 12:25:57] Suvrajit lost 40 gold by CONSOLE. New balance: 4,200
[10/03/2024 12:28:51] Suvrajit lost 40 gold by CONSOLE. New balance: 4,160
[10/03/2024 12:29:02] Suvrajit lost 40 gold by CONSOLE. New balance: 4,120
[10/03/2024 12:29:07] Suvrajit lost 40 gold by CONSOLE. New balance: 4,080
[10/03/2024 12:29:08] Suvrajit lost 40 gold by CONSOLE. New balance: 4,040
[10/03/2024 12:29:08] Suvrajit lost 40 gold by CONSOLE. New balance: 4,000
[10/03/2024 12:29:08] Suvrajit lost 40 gold by CONSOLE. New balance: 3,960
[10/03/2024 12:29:25] Suvrajit lost 40 gold by CONSOLE. New balance: 3,920
[10/03/2024 12:30:03] Suvrajit lost 40 gold by CONSOLE. New balance: 3,880
[10/03/2024 12:33:02] Suvrajit lost 40 gold by CONSOLE. New balance: 3,840
[10/03/2024 12:33:48] Suvrajit lost 40 gold by CONSOLE. New balance: 3,800
[10/03/2024 12:33:50] Suvrajit lost 40 gold by CONSOLE. New balance: 3,760
[10/03/2024 12:33:52] Suvrajit lost 400 gold by CONSOLE. New balance: 3,360
[10/03/2024 12:33:53] Suvrajit lost 40 gold by CONSOLE. New balance: 3,320
[10/03/2024 12:37:55] Suvrajit lost 40 gold by CONSOLE. New balance: 3,280
[10/03/2024 12:37:59] Suvrajit lost 40 gold by CONSOLE. New balance: 3,240
[10/03/2024 13:25:53] Suvrajit lost 40 gold by CONSOLE. New balance: 3,200
[10/03/2024 13:27:18] Suvrajit lost 40 gold by CONSOLE. New balance: 3,160
[10/03/2024 13:27:20] Suvrajit lost 400 gold by CONSOLE. New balance: 2,760
[10/03/2024 13:27:37] Suvrajit received 10,000,000 gold from Suvrajit. New balance: 10,002,760
[10/03/2024 13:27:47] Suvrajit lost 10,000,000 gold by Suvrajit. New balance: 2,760
[10/03/2024 13:27:50] Suvrajit lost 100,000 gold by Suvrajit. New balance: 0
[10/03/2024 13:28:06] Suvrajit's gold balance set to 100,000 by Suvrajit. New balance: 100,000
[10/03/2024 13:28:09] Suvrajit's gold balance set to 10,000 by Suvrajit. New balance: 10,000
[10/03/2024 15:16:22] Suvrajit lost 40 gold by CONSOLE. New balance: 9,960
[10/03/2024 15:16:22] Suvrajit lost 400 gold by CONSOLE. New balance: 9,560
[10/03/2024 15:16:22] Suvrajit lost 100 gold by CONSOLE. New balance: 9,460
[10/03/2024 15:16:22] Suvrajit lost 100 gold by CONSOLE. New balance: 9,360
[10/03/2024 15:16:23] Suvrajit lost 40 gold by CONSOLE. New balance: 9,320
[10/03/2024 15:16:24] Suvrajit lost 40 gold by CONSOLE. New balance: 9,280
[10/03/2024 15:16:24] Suvrajit lost 40 gold by CONSOLE. New balance: 9,240
[10/03/2024 15:21:50] Suvrajit's gold balance set to 25,000 by Suvrajit. New balance: 25,000
[11/03/2024 03:47:08] Suvrajit lost 1,000 gold by CONSOLE. New balance: 24,000
[11/03/2024 04:06:49] Suvrajit's gold balance set to 0 by Suvrajit. New balance: 0
[11/03/2024 04:31:53] Suvrajit lost 1,000 gold by CONSOLE. New balance: 0
[11/03/2024 04:32:34] Suvrajit lost 1,000 gold by CONSOLE. New balance: 0
[11/03/2024 04:35:42] Suvrajit lost 1,000 gold by CONSOLE. New balance: 0
[11/03/2024 04:36:36] Suvrajit lost 1,000 gold by Suvrajit. New balance: 0
[11/03/2024 04:36:49] Suvrajit lost 1,000 gold by Suvrajit. New balance: 0
[11/03/2024 06:16:18] Suvrajit received 1,000 gold from Suvrajit. New balance: 1,000
[11/03/2024 06:16:35] Suvrajit lost 1,000 gold by CONSOLE. New balance: 0
[11/03/2024 06:18:15] Suvrajit received 1,000 gold from Suvrajit. New balance: 1,000
[11/03/2024 06:18:24] Suvrajit lost 1,000 gold by CONSOLE. New balance: 0
[11/03/2024 06:19:14] Suvrajit received 1,000 gold from Suvrajit. New balance: 1,000
[11/03/2024 06:19:30] Suvrajit lost 1,000 gold by CONSOLE. New balance: 0
[11/03/2024 06:21:27] Suvrajit received 1,000 gold from Suvrajit. New balance: 1,000
[11/03/2024 06:21:42] Suvrajit lost 1,000 gold by CONSOLE. New balance: 0
[11/03/2024 06:22:17] Suvrajit received 1,000 gold from Suvrajit. New balance: 1,000
[11/03/2024 06:22:37] Suvrajit lost 1,000 gold by CONSOLE. New balance: 0
[11/03/2024 06:44:59] Suvrajit's gold balance set to 10,000 by Suvrajit. New balance: 10,000
[11/03/2024 06:51:08] Suvrajit lost 1,000 gold by CONSOLE. New balance: 9,000
[11/03/2024 06:51:13] Suvrajit lost 1,500 gold by CONSOLE. New balance: 7,500
[11/03/2024 06:55:10] Suvrajit lost 1,000 gold by CONSOLE. New balance: 6,500
[11/03/2024 06:55:13] Suvrajit lost 1,500 gold by CONSOLE. New balance: 5,000
[11/03/2024 06:56:09] Suvrajit lost 1,000 gold by CONSOLE. New balance: 4,000
[11/03/2024 06:56:30] Suvrajit lost 1,500 gold by CONSOLE. New balance: 2,500
[11/03/2024 07:05:07] Suvrajit received 10,000 gold from Suvrajit. New balance: 12,500
[11/03/2024 07:05:21] Suvrajit lost 2,500 gold by CONSOLE. New balance: 10,000
[11/03/2024 07:08:22] Suvrajit's gold balance set to 5,000 by Suvrajit. New balance: 5,000
[11/03/2024 07:08:46] Suvrajit lost 1,000 gold by CONSOLE. New balance: 4,000
[11/03/2024 07:08:52] Suvrajit lost 1,500 gold by CONSOLE. New balance: 2,500
[11/03/2024 07:09:00] Suvrajit lost 2,500 gold by CONSOLE. New balance: 0
[11/03/2024 08:23:19] Suvrajit received 5,000 gold from Suvrajit. New balance: 5,000
[11/03/2024 08:23:30] Suvrajit lost 1,000 gold by CONSOLE. New balance: 4,000
[11/03/2024 08:24:49] Suvrajit lost 1,500 gold by CONSOLE. New balance: 2,500
[11/03/2024 08:25:02] Suvrajit lost 2,500 gold by CONSOLE. New balance: 0
[11/03/2024 08:55:10] Suvrajit's gold balance set to 10,000 by Suvrajit. New balance: 10,000
[11/03/2024 08:55:21] Suvrajit lost 1,000 gold by CONSOLE. New balance: 9,000
[11/03/2024 08:55:35] Suvrajit lost 1,500 gold by CONSOLE. New balance: 7,500
[11/03/2024 08:56:38] Suvrajit lost 2,500 gold by CONSOLE. New balance: 5,000
[11/03/2024 08:56:57] Suvrajit lost 5,000 gold by CONSOLE. New balance: 0
[11/03/2024 09:03:26] Suvrajit's gold balance set to 10,000 by Suvrajit. New balance: 10,000
[11/03/2024 09:03:51] Suvrajit lost 1,000 gold by CONSOLE. New balance: 9,000
[11/03/2024 09:04:04] Suvrajit lost 1,500 gold by CONSOLE. New balance: 7,500
[11/03/2024 09:04:08] Suvrajit lost 2,500 gold by CONSOLE. New balance: 5,000
[11/03/2024 09:04:12] Suvrajit lost 5,000 gold by CONSOLE. New balance: 0
[11/03/2024 09:26:45] Suvrajit's gold balance set to 20,000 by Suvrajit. New balance: 20,000
[11/03/2024 09:27:24] Suvrajit lost 1,000 gold by CONSOLE. New balance: 19,000
[11/03/2024 09:27:31] Suvrajit lost 1,500 gold by CONSOLE. New balance: 17,500
[11/03/2024 09:27:36] Suvrajit lost 2,500 gold by CONSOLE. New balance: 15,000
[11/03/2024 09:27:44] Suvrajit lost 5,000 gold by CONSOLE. New balance: 10,000
[11/03/2024 09:27:49] Suvrajit lost 5,000 gold by CONSOLE. New balance: 5,000
[11/03/2024 09:51:13] Suvrajit's gold balance set to 20,000 by Suvrajit. New balance: 20,000
[11/03/2024 09:51:29] Suvrajit lost 1,000 gold by CONSOLE. New balance: 19,000
[11/03/2024 09:51:34] Suvrajit lost 1,500 gold by CONSOLE. New balance: 17,500
[11/03/2024 09:51:37] Suvrajit lost 2,500 gold by CONSOLE. New balance: 15,000
[11/03/2024 09:51:44] Suvrajit lost 5,000 gold by CONSOLE. New balance: 10,000
[11/03/2024 09:51:50] Suvrajit lost 5,000 gold by CONSOLE. New balance: 5,000
[11/03/2024 09:51:56] Suvrajit lost 5,000 gold by CONSOLE. New balance: 0
[11/03/2024 09:53:17] Suvrajit's gold balance set to 20,000 by Suvrajit. New balance: 20,000
[11/03/2024 09:53:35] Suvrajit lost 1,000 gold by CONSOLE. New balance: 19,000
[11/03/2024 09:53:43] Suvrajit lost 1,500 gold by CONSOLE. New balance: 17,500
[11/03/2024 09:53:45] Suvrajit lost 2,500 gold by CONSOLE. New balance: 15,000
[11/03/2024 09:53:46] Suvrajit lost 5,000 gold by CONSOLE. New balance: 10,000
[11/03/2024 09:53:48] Suvrajit lost 5,000 gold by CONSOLE. New balance: 5,000
[11/03/2024 09:53:50] Suvrajit lost 5,000 gold by CONSOLE. New balance: 0
[11/03/2024 10:48:13] Suvrajit received 10,000 gold from Suvrajit. New balance: 10,000
[11/03/2024 10:48:33] Suvrajit lost 1,000 gold by CONSOLE. New balance: 9,000
[11/03/2024 10:48:40] Suvrajit lost 1,000 gold by CONSOLE. New balance: 8,000
[11/03/2024 10:49:16] Suvrajit lost 1,000 gold by CONSOLE. New balance: 7,000
[11/03/2024 10:49:40] Suvrajit lost 1,000 gold by CONSOLE. New balance: 6,000
[11/03/2024 10:49:40] Suvrajit lost 1,000 gold by CONSOLE. New balance: 5,000
[11/03/2024 10:49:41] Suvrajit lost 1,000 gold by CONSOLE. New balance: 4,000
[11/03/2024 10:49:41] Suvrajit lost 1,000 gold by CONSOLE. New balance: 3,000
[11/03/2024 10:49:41] Suvrajit lost 1,000 gold by CONSOLE. New balance: 2,000
[11/03/2024 10:49:41] Suvrajit lost 1,000 gold by CONSOLE. New balance: 1,000
[11/03/2024 10:49:42] Suvrajit lost 1,000 gold by CONSOLE. New balance: 0
[11/03/2024 10:57:01] Suvrajit received 10,000 gold from Suvrajit. New balance: 10,000
[11/03/2024 10:57:19] Suvrajit lost 1,000 gold by CONSOLE. New balance: 9,000
[11/03/2024 10:57:21] Suvrajit lost 1,000 gold by CONSOLE. New balance: 8,000
[11/03/2024 10:57:22] Suvrajit lost 1,000 gold by CONSOLE. New balance: 7,000
[11/03/2024 10:57:23] Suvrajit lost 1,000 gold by CONSOLE. New balance: 6,000
[11/03/2024 10:57:23] Suvrajit lost 1,000 gold by CONSOLE. New balance: 5,000
[11/03/2024 10:57:24] Suvrajit lost 1,000 gold by CONSOLE. New balance: 4,000
[11/03/2024 10:57:25] Suvrajit lost 1,000 gold by CONSOLE. New balance: 3,000
[11/03/2024 10:57:25] Suvrajit lost 1,000 gold by CONSOLE. New balance: 2,000
[11/03/2024 10:57:25] Suvrajit lost 1,000 gold by CONSOLE. New balance: 1,000
[11/03/2024 10:57:26] Suvrajit lost 1,000 gold by CONSOLE. New balance: 0
[11/03/2024 10:57:39] Suvrajit received 10,000 gold from Suvrajit. New balance: 10,000
[17/03/2024 04:48:49] Suvrajit lost 1,000 gold by CONSOLE. New balance: 9,000
[19/03/2024 07:49:25] Suvrajit's gold balance set to 22,000 by Suvrajit. New balance: 22,000
[21/03/2024 04:54:57] Suvrajit lost 1,000 gold by CONSOLE. New balance: 21,000
[21/03/2024 04:55:14] Suvrajit's gold balance set to 22,000 by Suvrajit. New balance: 22,000
[21/03/2024 04:55:51] Suvrajit lost 1,000 gold by CONSOLE. New balance: 21,000
[21/03/2024 04:56:42] Suvrajit's gold balance set to 22,000 by Suvrajit. New balance: 22,000
[21/03/2024 05:08:50] Suvrajit lost 1,000 gold by CONSOLE. New balance: 21,000
[21/03/2024 05:09:20] Suvrajit lost 1,500 gold by CONSOLE. New balance: 19,500
[21/03/2024 05:09:21] Suvrajit lost 2,500 gold by CONSOLE. New balance: 17,000
[21/03/2024 05:09:23] Suvrajit lost 5,000 gold by CONSOLE. New balance: 12,000
[21/03/2024 05:09:24] Suvrajit lost 5,000 gold by CONSOLE. New balance: 7,000
[21/03/2024 05:09:25] Suvrajit lost 5,000 gold by CONSOLE. New balance: 2,000
[21/03/2024 05:09:29] Suvrajit lost 1,000 gold by CONSOLE. New balance: 1,000
[21/03/2024 05:09:49] Suvrajit's gold balance set to 22,000 by Suvrajit. New balance: 22,000
