Mar 16, 2024 5:43:38 AM de.Linus122.SafariNet.Main log
OFF: Captured animal, player Suvrajit, type §6x69 §f§oBlaze, at bskyblock_world 999.500000 85.000000 200.500000
Mar 16, 2024 5:43:39 AM de.Linus122.SafariNet.Main log
OFF: Released animal, player Suvrajit, type §6x69 §f§oBlaze, at bskyblock_world 999.500000 85.000000 200.500000
Mar 16, 2024 5:43:46 AM de.Linus122.SafariNet.Main log
OFF: Released animal, player Suvrajit, type §6x69 §f§oBlaze, at bskyblock_world 998.500000 85.000000 200.500000
Mar 16, 2024 5:43:47 AM de.Linus122.SafariNet.Main log
OFF: Released animal, player Suvrajit, type §6x69 §f§oBlaze, at bskyblock_world 998.500000 85.000000 200.500000
Mar 16, 2024 5:43:47 AM de.Linus122.SafariNet.Main log
OFF: Released animal, player Suvrajit, type §6x69 §f§oBlaze, at bskyblock_world 998.500000 85.000000 200.500000
Mar 16, 2024 5:43:47 AM de.Linus122.SafariNet.Main log
OFF: Released animal, player Suvrajit, type §6x69 §f§oBlaze, at bskyblock_world 998.500000 85.000000 200.500000
Mar 16, 2024 5:43:48 AM de.Linus122.SafariNet.Main log
OFF: Released animal, player Suvrajit, type §6x69 §f§oBlaze, at bskyblock_world 998.500000 85.000000 200.500000
Mar 16, 2024 5:43:48 AM de.Linus122.SafariNet.Main log
OFF: Released animal, player Suvrajit, type §6x69 §f§oBlaze, at bskyblock_world 998.500000 85.000000 200.500000
Mar 16, 2024 5:43:48 AM de.Linus122.SafariNet.Main log
OFF: Released animal, player Suvrajit, type §6x69 §f§oBlaze, at bskyblock_world 998.500000 85.000000 200.500000
Mar 16, 2024 5:43:48 AM de.Linus122.SafariNet.Main log
OFF: Released animal, player Suvrajit, type §6x69 §f§oBlaze, at bskyblock_world 998.500000 85.000000 200.500000
Mar 16, 2024 5:43:48 AM de.Linus122.SafariNet.Main log
OFF: Released animal, player Suvrajit, type §6x69 §f§oBlaze, at bskyblock_world 998.500000 85.000000 200.500000
Mar 16, 2024 5:43:49 AM de.Linus122.SafariNet.Main log
OFF: Released animal, player Suvrajit, type §6x69 §f§oBlaze, at bskyblock_world 998.500000 85.000000 200.500000
Mar 16, 2024 5:43:49 AM de.Linus122.SafariNet.Main log
OFF: Released animal, player Suvrajit, type §6x69 §f§oBlaze, at bskyblock_world 998.500000 85.000000 200.500000
Mar 16, 2024 5:43:58 AM de.Linus122.SafariNet.Main log
OFF: Released animal, player Suvrajit, type §6x69 §f§oBlaze, at bskyblock_world 998.500000 85.000000 200.500000
Mar 16, 2024 5:43:58 AM de.Linus122.SafariNet.Main log
OFF: Released animal, player Suvrajit, type §6x69 §f§oBlaze, at bskyblock_world 998.500000 85.000000 200.500000
Mar 16, 2024 5:43:58 AM de.Linus122.SafariNet.Main log
OFF: Released animal, player Suvrajit, type §6x69 §f§oBlaze, at bskyblock_world 998.500000 85.000000 200.500000
Mar 16, 2024 5:43:58 AM de.Linus122.SafariNet.Main log
OFF: Released animal, player Suvrajit, type §6x69 §f§oBlaze, at bskyblock_world 998.500000 85.000000 200.500000
Mar 16, 2024 5:44:04 AM de.Linus122.SafariNet.Main log
OFF: Released animal, player Suvrajit, type §6x69 §f§oBlaze, at bskyblock_world 998.500000 85.000000 200.500000
Mar 16, 2024 5:44:04 AM de.Linus122.SafariNet.Main log
OFF: Released animal, player Suvrajit, type §6x69 §f§oBlaze, at bskyblock_world 998.500000 85.000000 200.500000
Mar 16, 2024 5:44:04 AM de.Linus122.SafariNet.Main log
OFF: Released animal, player Suvrajit, type §6x69 §f§oBlaze, at bskyblock_world 998.500000 85.000000 200.500000
Mar 16, 2024 5:44:04 AM de.Linus122.SafariNet.Main log
OFF: Released animal, player Suvrajit, type §6x69 §f§oBlaze, at bskyblock_world 998.500000 85.000000 200.500000
Mar 16, 2024 5:44:05 AM de.Linus122.SafariNet.Main log
OFF: Released animal, player Suvrajit, type §6x69 §f§oBlaze, at bskyblock_world 998.500000 85.000000 200.500000
Mar 16, 2024 5:44:05 AM de.Linus122.SafariNet.Main log
OFF: Released animal, player Suvrajit, type §6x69 §f§oBlaze, at bskyblock_world 998.500000 85.000000 200.500000
Mar 16, 2024 5:44:05 AM de.Linus122.SafariNet.Main log
OFF: Released animal, player Suvrajit, type §6x69 §f§oBlaze, at bskyblock_world 998.500000 85.000000 200.500000
Mar 16, 2024 5:44:05 AM de.Linus122.SafariNet.Main log
OFF: Released animal, player Suvrajit, type §6x69 §f§oBlaze, at bskyblock_world 998.500000 85.000000 200.500000
Mar 16, 2024 5:44:05 AM de.Linus122.SafariNet.Main log
OFF: Released animal, player Suvrajit, type §6x69 §f§oBlaze, at bskyblock_world 998.500000 85.000000 200.500000
Mar 16, 2024 5:44:06 AM de.Linus122.SafariNet.Main log
OFF: Released animal, player Suvrajit, type §6x69 §f§oBlaze, at bskyblock_world 998.500000 85.000000 200.500000
Mar 16, 2024 5:44:06 AM de.Linus122.SafariNet.Main log
OFF: Released animal, player Suvrajit, type §6x69 §f§oBlaze, at bskyblock_world 998.500000 85.000000 200.500000
Mar 16, 2024 5:44:06 AM de.Linus122.SafariNet.Main log
OFF: Released animal, player Suvrajit, type §6x69 §f§oBlaze, at bskyblock_world 998.500000 85.000000 200.500000
Mar 16, 2024 5:44:06 AM de.Linus122.SafariNet.Main log
OFF: Released animal, player Suvrajit, type §6x69 §f§oBlaze, at bskyblock_world 998.500000 85.000000 200.500000
Mar 16, 2024 5:44:06 AM de.Linus122.SafariNet.Main log
OFF: Released animal, player Suvrajit, type §6x69 §f§oBlaze, at bskyblock_world 998.500000 85.000000 200.500000
Mar 16, 2024 5:44:07 AM de.Linus122.SafariNet.Main log
OFF: Released animal, player Suvrajit, type §6x69 §f§oBlaze, at bskyblock_world 998.500000 85.000000 200.500000
Mar 16, 2024 5:44:07 AM de.Linus122.SafariNet.Main log
OFF: Released animal, player Suvrajit, type §6x69 §f§oBlaze, at bskyblock_world 998.500000 85.000000 200.500000
Mar 16, 2024 5:44:07 AM de.Linus122.SafariNet.Main log
OFF: Released animal, player Suvrajit, type §6x69 §f§oBlaze, at bskyblock_world 998.500000 85.000000 200.500000
Mar 16, 2024 5:44:07 AM de.Linus122.SafariNet.Main log
OFF: Released animal, player Suvrajit, type §6x69 §f§oBlaze, at bskyblock_world 998.500000 85.000000 200.500000
Mar 16, 2024 5:44:07 AM de.Linus122.SafariNet.Main log
OFF: Released animal, player Suvrajit, type §6x69 §f§oBlaze, at bskyblock_world 998.500000 85.000000 200.500000
Mar 16, 2024 5:44:08 AM de.Linus122.SafariNet.Main log
OFF: Released animal, player Suvrajit, type §6x69 §f§oBlaze, at bskyblock_world 998.500000 85.000000 200.500000
Mar 16, 2024 5:44:08 AM de.Linus122.SafariNet.Main log
OFF: Released animal, player Suvrajit, type §6x69 §f§oBlaze, at bskyblock_world 998.500000 85.000000 200.500000
Mar 16, 2024 5:44:08 AM de.Linus122.SafariNet.Main log
OFF: Released animal, player Suvrajit, type §6x69 §f§oBlaze, at bskyblock_world 998.500000 85.000000 200.500000
Mar 16, 2024 5:44:08 AM de.Linus122.SafariNet.Main log
OFF: Released animal, player Suvrajit, type §6x69 §f§oBlaze, at bskyblock_world 998.500000 85.000000 200.500000
Mar 16, 2024 5:44:08 AM de.Linus122.SafariNet.Main log
OFF: Released animal, player Suvrajit, type §6x69 §f§oBlaze, at bskyblock_world 998.500000 85.000000 200.500000
Mar 16, 2024 5:44:09 AM de.Linus122.SafariNet.Main log
OFF: Released animal, player Suvrajit, type §6x69 §f§oBlaze, at bskyblock_world 998.500000 85.000000 200.500000
Mar 16, 2024 5:44:09 AM de.Linus122.SafariNet.Main log
OFF: Released animal, player Suvrajit, type §6x69 §f§oBlaze, at bskyblock_world 998.500000 85.000000 200.500000
Mar 16, 2024 5:44:09 AM de.Linus122.SafariNet.Main log
OFF: Released animal, player Suvrajit, type §6x69 §f§oBlaze, at bskyblock_world 998.500000 85.000000 200.500000
Mar 16, 2024 5:44:09 AM de.Linus122.SafariNet.Main log
OFF: Released animal, player Suvrajit, type §6x69 §f§oBlaze, at bskyblock_world 998.500000 85.000000 200.500000
Mar 16, 2024 5:44:09 AM de.Linus122.SafariNet.Main log
OFF: Released animal, player Suvrajit, type §6x69 §f§oBlaze, at bskyblock_world 998.500000 85.000000 200.500000
Mar 16, 2024 5:44:10 AM de.Linus122.SafariNet.Main log
OFF: Released animal, player Suvrajit, type §6x69 §f§oBlaze, at bskyblock_world 998.500000 85.000000 200.500000
Mar 16, 2024 5:44:10 AM de.Linus122.SafariNet.Main log
OFF: Released animal, player Suvrajit, type §6x69 §f§oBlaze, at bskyblock_world 998.500000 85.000000 200.500000
Mar 16, 2024 5:44:10 AM de.Linus122.SafariNet.Main log
OFF: Released animal, player Suvrajit, type §6x69 §f§oBlaze, at bskyblock_world 998.500000 85.000000 200.500000
Mar 16, 2024 5:44:10 AM de.Linus122.SafariNet.Main log
OFF: Released animal, player Suvrajit, type §6x69 §f§oBlaze, at bskyblock_world 998.500000 85.000000 200.500000
Mar 16, 2024 5:44:10 AM de.Linus122.SafariNet.Main log
OFF: Released animal, player Suvrajit, type §6x69 §f§oBlaze, at bskyblock_world 998.500000 85.000000 200.500000
Mar 16, 2024 5:44:11 AM de.Linus122.SafariNet.Main log
OFF: Released animal, player Suvrajit, type §6x69 §f§oBlaze, at bskyblock_world 998.500000 85.000000 200.500000
Mar 16, 2024 5:44:11 AM de.Linus122.SafariNet.Main log
OFF: Released animal, player Suvrajit, type §6x69 §f§oBlaze, at bskyblock_world 998.500000 85.000000 200.500000
Mar 16, 2024 5:44:11 AM de.Linus122.SafariNet.Main log
OFF: Released animal, player Suvrajit, type §6x69 §f§oBlaze, at bskyblock_world 998.500000 85.000000 200.500000
Mar 16, 2024 5:44:11 AM de.Linus122.SafariNet.Main log
OFF: Released animal, player Suvrajit, type §6x69 §f§oBlaze, at bskyblock_world 998.500000 85.000000 200.500000
Mar 16, 2024 5:44:11 AM de.Linus122.SafariNet.Main log
OFF: Released animal, player Suvrajit, type §6x69 §f§oBlaze, at bskyblock_world 998.500000 85.000000 200.500000
Mar 16, 2024 5:44:12 AM de.Linus122.SafariNet.Main log
OFF: Released animal, player Suvrajit, type §6x69 §f§oBlaze, at bskyblock_world 998.500000 85.000000 200.500000
Mar 16, 2024 5:44:12 AM de.Linus122.SafariNet.Main log
OFF: Released animal, player Suvrajit, type §6x69 §f§oBlaze, at bskyblock_world 998.500000 85.000000 200.500000
Mar 16, 2024 5:44:12 AM de.Linus122.SafariNet.Main log
OFF: Released animal, player Suvrajit, type §6x69 §f§oBlaze, at bskyblock_world 998.500000 85.000000 200.500000
Mar 16, 2024 5:44:12 AM de.Linus122.SafariNet.Main log
OFF: Released animal, player Suvrajit, type §6x69 §f§oBlaze, at bskyblock_world 998.500000 85.000000 200.500000
Mar 16, 2024 5:44:12 AM de.Linus122.SafariNet.Main log
OFF: Released animal, player Suvrajit, type §6x69 §f§oBlaze, at bskyblock_world 998.500000 85.000000 200.500000
Mar 16, 2024 5:44:13 AM de.Linus122.SafariNet.Main log
OFF: Released animal, player Suvrajit, type §6x69 §f§oBlaze, at bskyblock_world 998.500000 85.000000 200.500000
Mar 16, 2024 5:44:13 AM de.Linus122.SafariNet.Main log
OFF: Released animal, player Suvrajit, type §6x69 §f§oBlaze, at bskyblock_world 998.500000 85.000000 200.500000
Mar 16, 2024 5:44:13 AM de.Linus122.SafariNet.Main log
OFF: Released animal, player Suvrajit, type §6x69 §f§oBlaze, at bskyblock_world 998.500000 85.000000 200.500000
Mar 16, 2024 5:44:13 AM de.Linus122.SafariNet.Main log
OFF: Released animal, player Suvrajit, type §6x69 §f§oBlaze, at bskyblock_world 998.500000 85.000000 200.500000
Mar 16, 2024 5:44:13 AM de.Linus122.SafariNet.Main log
OFF: Released animal, player Suvrajit, type §6x69 §f§oBlaze, at bskyblock_world 998.500000 85.000000 200.500000
Mar 16, 2024 5:44:14 AM de.Linus122.SafariNet.Main log
OFF: Released animal, player Suvrajit, type §6x69 §f§oBlaze, at bskyblock_world 998.500000 85.000000 200.500000
Mar 16, 2024 5:44:14 AM de.Linus122.SafariNet.Main log
OFF: Released animal, player Suvrajit, type §6x69 §f§oBlaze, at bskyblock_world 998.500000 85.000000 200.500000
Mar 16, 2024 5:44:14 AM de.Linus122.SafariNet.Main log
OFF: Released animal, player Suvrajit, type §6x69 §f§oBlaze, at bskyblock_world 998.500000 85.000000 200.500000
Mar 16, 2024 5:44:14 AM de.Linus122.SafariNet.Main log
OFF: Released animal, player Suvrajit, type §6x69 §f§oBlaze, at bskyblock_world 998.500000 85.000000 200.500000
Mar 16, 2024 5:44:14 AM de.Linus122.SafariNet.Main log
OFF: Released animal, player Suvrajit, type §6x69 §f§oBlaze, at bskyblock_world 998.500000 85.000000 200.500000
Mar 16, 2024 5:44:15 AM de.Linus122.SafariNet.Main log
OFF: Released animal, player Suvrajit, type §6x69 §f§oBlaze, at bskyblock_world 998.500000 85.000000 200.500000
Mar 16, 2024 5:44:15 AM de.Linus122.SafariNet.Main log
OFF: Released animal, player Suvrajit, type §6x69 §f§oBlaze, at bskyblock_world 998.500000 85.000000 200.500000
Mar 16, 2024 5:44:15 AM de.Linus122.SafariNet.Main log
OFF: Released animal, player Suvrajit, type §6x69 §f§oBlaze, at bskyblock_world 998.500000 85.000000 200.500000
Mar 16, 2024 5:44:19 AM de.Linus122.SafariNet.Main log
OFF: Released animal, player Suvrajit, type §6x69 §f§oBlaze, at bskyblock_world 998.500000 85.000000 200.500000
Mar 16, 2024 5:44:24 AM de.Linus122.SafariNet.Main log
OFF: Captured animal, player Suvrajit, type §6x74 §f§oBlaze, at bskyblock_world 999.500000 85.000000 200.500000
Mar 16, 2024 5:44:25 AM de.Linus122.SafariNet.Main log
OFF: Released animal, player Suvrajit, type §6x74 §f§oBlaze, at bskyblock_world 999.500000 85.000000 200.500000
Mar 16, 2024 5:44:29 AM de.Linus122.SafariNet.Main log
OFF: Captured animal, player Suvrajit, type Blaze, at bskyblock_world 999.500000 85.000000 200.500000
Mar 16, 2024 5:44:30 AM de.Linus122.SafariNet.Main log
OFF: Released animal, player Suvrajit, type Blaze, at bskyblock_world 999.500000 85.000000 200.500000
Mar 16, 2024 5:44:31 AM de.Linus122.SafariNet.Main log
OFF: Captured animal, player Suvrajit, type Blaze, at bskyblock_world 999.500000 85.000000 200.500000
Mar 16, 2024 5:44:32 AM de.Linus122.SafariNet.Main log
OFF: Released animal, player Suvrajit, type Blaze, at bskyblock_world 999.500000 85.000000 200.500000
Mar 16, 2024 5:44:36 AM de.Linus122.SafariNet.Main log
OFF: Captured animal, player Suvrajit, type Blaze, at bskyblock_world 999.500000 85.000000 200.500000
Mar 16, 2024 5:44:38 AM de.Linus122.SafariNet.Main log
OFF: Released animal, player Suvrajit, type Blaze, at bskyblock_world 999.500000 85.000000 200.500000
Mar 16, 2024 5:44:39 AM de.Linus122.SafariNet.Main log
OFF: Captured animal, player Suvrajit, type Blaze, at bskyblock_world 999.500000 85.000000 200.500000
Mar 16, 2024 5:44:40 AM de.Linus122.SafariNet.Main log
OFF: Released animal, player Suvrajit, type Blaze, at bskyblock_world 999.500000 85.000000 200.500000
Mar 16, 2024 5:44:42 AM de.Linus122.SafariNet.Main log
OFF: Captured animal, player Suvrajit, type Blaze, at bskyblock_world 999.500000 85.000000 200.500000
Mar 16, 2024 5:44:46 AM de.Linus122.SafariNet.Main log
OFF: Released animal, player Suvrajit, type Blaze, at bskyblock_world 999.500000 85.000000 200.500000
