[09:32:03] [ServerMain/INFO]: Environment: Environment[accountsHost=https://api.mojang.com, sessionHost=https://sessionserver.mojang.com, servicesHost=https://api.minecraftservices.com, name=PROD]
[09:32:03] [ServerMain/INFO]: Found new data pack file/bukkit, loading it automatically
[09:32:05] [ServerMain/INFO]: Loaded 1174 recipes
[09:32:05] [ServerMain/INFO]: Loaded 1271 advancements
[09:32:05] [Server thread/INFO]: Starting minecraft server version 1.20.2
[09:32:05] [Server thread/INFO]: Loading properties
[09:32:05] [Server thread/INFO]: This server is running Purpur version git-Purpur-2095 (MC: 1.20.2) (Implementing API version 1.20.2-R0.1-SNAPSHOT) (Git: 4f12f5d on HEAD)
[09:32:06] [Server thread/INFO]: Server Ping Player Sample Count: 12
[09:32:06] [Server thread/INFO]: Using 4 threads for Netty based IO
[09:32:06] [Server thread/INFO]: [ChunkTaskScheduler] Chunk system is using 1 I/O threads, 1 worker threads, and gen parallelism of 1 threads
[09:32:07] [Server thread/WARN]: [Pufferfish] Will not enable SIMD! These optimizations are only safely supported on Java 17, Java 18, and Java 19.
[09:32:07] [Server thread/INFO]: Default game type: SURVIVAL
[09:32:07] [Server thread/INFO]: Generating keypair
[09:32:07] [Server thread/INFO]: Starting Minecraft server on 0.0.0.0:41177
[09:32:07] [Server thread/INFO]: Using epoll channel type
[09:32:07] [Server thread/INFO]: Paper: Using libdeflate (Linux x86_64) compression from Velocity.
[09:32:07] [Server thread/INFO]: Paper: Using OpenSSL 1.1.x (Linux x86_64) cipher from Velocity.
[09:32:07] [Server thread/WARN]: [org.bukkit.craftbukkit.v1_20_R2.legacy.CraftLegacy] Initializing Legacy Material Support. Unless you have legacy plugins and/or data this is a bug!
[09:32:10] [Server thread/WARN]: Legacy plugin KissMe v1.0 does not specify an api-version.
[09:32:10] [Server thread/INFO]: [SpigotLibraryLoader] [AntiPopup] Loading 1 libraries... please wait
[09:32:10] [Server thread/INFO]: [SpigotLibraryLoader] [AntiPopup] Loaded library /workspaces/mc-host/libraries/dev/dejvokep/boosted-yaml-spigot/1.3/boosted-yaml-spigot-1.3.jar
[09:32:10] [Server thread/INFO]: [ViaVersion] Loading server plugin ViaVersion v4.9.2
[09:32:10] [Server thread/INFO]: [ViaVersion] ViaVersion 4.9.2 is now loaded. Registering protocol transformers and injecting...
[09:32:11] [Via-Mappingloader-0/INFO]: [ViaVersion] Loading block connection mappings ...
[09:32:11] [Via-Mappingloader-0/INFO]: [ViaVersion] Using FastUtil Long2ObjectOpenHashMap for block connections
[09:32:11] [Server thread/INFO]: [ViaBackwards] Loading translations...
[09:32:11] [Server thread/INFO]: [ViaBackwards] Registering protocols...
[09:32:11] [Server thread/INFO]: [LuckPerms] Loading server plugin LuckPerms v5.4.116
[09:32:12] [Server thread/INFO]: [ProtocolLib] Loading server plugin ProtocolLib v5.2.0-SNAPSHOT-679
[09:32:13] [Server thread/INFO]: [Vault] Loading server plugin Vault v1.7.3-b131
[09:32:13] [Server thread/INFO]: [PlaceholderAPI] Loading server plugin PlaceholderAPI v2.11.5
[09:32:13] [Server thread/INFO]: [ViaBackwards] Loading server plugin ViaBackwards v4.9.1
[09:32:13] [Server thread/INFO]: [LibsDisguises] Loading server plugin LibsDisguises v10.0.42
[09:32:13] [Server thread/INFO]: [Essentials] Loading server plugin Essentials v2.20.1
[09:32:13] [Server thread/INFO]: [spark] Loading server plugin spark v1.10.60
[09:32:13] [Server thread/INFO]: [GSit] Loading server plugin GSit v1.7.0
[09:32:13] [Server thread/INFO]: [SkinsRestorer] Loading server plugin SkinsRestorer v15.0.7
[09:32:13] [Server thread/INFO]: [KissMe] Loading server plugin KissMe v1.0
[09:32:13] [Server thread/INFO]: [ServerListPlus] Loading server plugin ServerListPlus v3.5.0
[09:32:13] [Server thread/INFO]: [playit-gg] Loading server plugin playit-gg v0.1.4
[09:32:13] [Server thread/INFO]: [AntiPopup] Loading server plugin AntiPopup v7.3
[09:32:13] [Server thread/INFO]: [AntiPopup] Loaded PacketEvents.
[09:32:13] [Server thread/INFO]: [TAB] Loading server plugin TAB v4.1.2
[09:32:13] [Server thread/INFO]: [WorldEdit] Loading server plugin WorldEdit v7.2.18+6616-abda4e0
[09:32:14] [Server thread/INFO]: Got request to register class com.sk89q.worldedit.bukkit.BukkitServerInterface with WorldEdit [com.sk89q.worldedit.extension.platform.PlatformManager@4bf42053]
[09:32:14] [Server thread/INFO]: [OmegaVision] Loading server plugin OmegaVision v2.5.16
[09:32:14] [Server thread/INFO]: [EssentialsChat] Loading server plugin EssentialsChat v2.20.1
[09:32:14] [Server thread/INFO]: [UltraCosmetics] Loading server plugin UltraCosmetics v3.4.2
[09:32:14] [Server thread/INFO]: [TerraformGenerator] Loading server plugin TerraformGenerator v13.0.3
[09:32:14] [Server thread/INFO]: [HeadDatabase] Loading server plugin HeadDatabase v4.18.0
[09:32:14] [Server thread/INFO]: Server permissions file permissions.yml is empty, ignoring it
[09:32:14] [Server thread/INFO]: [LuckPerms] Enabling LuckPerms v5.4.116
[09:32:14] [Server thread/INFO]:         __    
[09:32:14] [Server thread/INFO]:   |    |__)   LuckPerms v5.4.116
[09:32:14] [Server thread/INFO]:   |___ |      Running on Bukkit - Purpur
[09:32:14] [Server thread/INFO]: 
[09:32:14] [Server thread/INFO]: [LuckPerms] Loading configuration...
[09:32:14] [Server thread/INFO]: [LuckPerms] Loading storage provider... [H2]
[09:32:15] [Server thread/INFO]: [LuckPerms] Loading internal permission managers...
[09:32:15] [Server thread/INFO]: [LuckPerms] Performing initial data load...
[09:32:15] [Server thread/INFO]: [LuckPerms] Successfully enabled. (took 1474ms)
[09:32:15] [Server thread/INFO]: [ProtocolLib] Enabling ProtocolLib v5.2.0-SNAPSHOT-679
[09:32:15] [Server thread/INFO]: [Vault] Enabling Vault v1.7.3-b131
[09:32:15] [Server thread/INFO]: [Vault] [Economy] Essentials Economy found: Waiting
[09:32:15] [Server thread/INFO]: [Vault] [Permission] SuperPermissions loaded as backup permission system.
[09:32:15] [Server thread/INFO]: [Vault] Enabled Version 1.7.3-b131
[09:32:15] [Server thread/INFO]: [LuckPerms] Registered Vault permission & chat hook.
[09:32:15] [Server thread/INFO]: [SkinsRestorer] Enabling SkinsRestorer v15.0.7
[09:32:16] [Server thread/INFO]: [SkinsRestorer] Running on Minecraft 1.20.2.
[09:32:16] [Server thread/INFO]: [PlaceholderAPI] Successfully registered internal expansion: skinsrestorer [15.0.7]
[09:32:16] [Server thread/INFO]: [SkinsRestorer] PlaceholderAPI expansion registered!
[09:32:16] [Server thread/INFO]: [SkinsRestorer] Using paper join listener!
[09:32:16] [Server thread/INFO]: [WorldEdit] Enabling WorldEdit v7.2.18+6616-abda4e0
[09:32:16] [Server thread/INFO]: Registering commands with com.sk89q.worldedit.bukkit.BukkitServerInterface
[09:32:16] [Server thread/INFO]: WEPIF: Vault detected! Using Vault for permissions
[09:32:16] [Server thread/INFO]: Using com.sk89q.worldedit.bukkit.adapter.impl.v1_20_R2.PaperweightAdapter as the Bukkit adapter
[09:32:16] [Folia Async Scheduler Thread #1/INFO]: [SkinsRestorer] ----------------------------------------------
[09:32:16] [Folia Async Scheduler Thread #1/INFO]: [SkinsRestorer]     +==================+
[09:32:16] [Folia Async Scheduler Thread #1/INFO]: [SkinsRestorer]     |   SkinsRestorer  |
[09:32:16] [Folia Async Scheduler Thread #1/INFO]: [SkinsRestorer]     |------------------|
[09:32:16] [Folia Async Scheduler Thread #1/INFO]: [SkinsRestorer]     |  Standalone Mode |
[09:32:16] [Folia Async Scheduler Thread #1/INFO]: [SkinsRestorer]     +==================+
[09:32:16] [Folia Async Scheduler Thread #1/INFO]: [SkinsRestorer] ----------------------------------------------
[09:32:16] [Folia Async Scheduler Thread #1/INFO]: [SkinsRestorer]     Version: 15.0.7
[09:32:16] [Folia Async Scheduler Thread #1/INFO]: [SkinsRestorer]     Commit: 301d078
[09:32:16] [Folia Async Scheduler Thread #1/INFO]: [SkinsRestorer]     This is the latest version!
[09:32:16] [Folia Async Scheduler Thread #1/INFO]: [SkinsRestorer] ----------------------------------------------
[09:32:17] [Server thread/INFO]: [TerraformGenerator] Enabling TerraformGenerator v13.0.3
[09:32:17] [Server thread/INFO]: [TerraformGenerator] Custom Logger Initialized
[09:32:17] [Server thread/INFO]: [TerraformGenerator] bStats Metrics enabled.
[09:32:17] [Server thread/INFO]: [TerraformGenerator] Detected version: v1_20_R2, number: 20.2
[09:32:17] [Server thread/WARN]: **** SERVER IS RUNNING IN OFFLINE/INSECURE MODE!
[09:32:17] [Server thread/WARN]: The server will make no attempt to authenticate usernames. Beware.
[09:32:17] [Server thread/WARN]: While this makes the game possible to play without internet access, it also opens up the ability for hackers to connect with any username they choose.
[09:32:17] [Server thread/WARN]: To change this, set "online-mode" to "true" in the server.properties file.
[09:32:17] [Server thread/INFO]: Preparing level "world"
[09:32:17] [Server thread/INFO]: -------- World Settings For [world] --------
[09:32:17] [Server thread/INFO]: View Distance: 10
[09:32:17] [Server thread/INFO]: Simulation Distance: 8
[09:32:17] [Server thread/INFO]: Item Merge Radius: 2.5
[09:32:17] [Server thread/INFO]: Experience Merge Radius: 3.0
[09:32:17] [Server thread/INFO]: Mob Spawn Range: 6
[09:32:17] [Server thread/INFO]: Item Despawn Rate: 6000
[09:32:17] [Server thread/INFO]: Arrow Despawn Rate: 1200 Trident Respawn Rate:1200
[09:32:17] [Server thread/INFO]: Zombie Aggressive Towards Villager: true
[09:32:17] [Server thread/INFO]: Nerfing mobs spawned from spawners: false
[09:32:17] [Server thread/INFO]: Allow Zombie Pigmen to spawn from portal blocks: true
[09:32:17] [Server thread/INFO]: Cactus Growth Modifier: 100%
[09:32:17] [Server thread/INFO]: Cane Growth Modifier: 100%
[09:32:17] [Server thread/INFO]: Melon Growth Modifier: 100%
[09:32:17] [Server thread/INFO]: Mushroom Growth Modifier: 100%
[09:32:17] [Server thread/INFO]: Pumpkin Growth Modifier: 100%
[09:32:17] [Server thread/INFO]: Sapling Growth Modifier: 100%
[09:32:17] [Server thread/INFO]: Beetroot Growth Modifier: 100%
[09:32:17] [Server thread/INFO]: Carrot Growth Modifier: 100%
[09:32:17] [Server thread/INFO]: Potato Growth Modifier: 100%
[09:32:17] [Server thread/INFO]: TorchFlower Growth Modifier: 100%
[09:32:17] [Server thread/INFO]: Wheat Growth Modifier: 100%
[09:32:17] [Server thread/INFO]: NetherWart Growth Modifier: 100%
[09:32:17] [Server thread/INFO]: Vine Growth Modifier: 100%
[09:32:17] [Server thread/INFO]: Cocoa Growth Modifier: 100%
[09:32:17] [Server thread/INFO]: Bamboo Growth Modifier: 100%
[09:32:17] [Server thread/INFO]: SweetBerry Growth Modifier: 100%
[09:32:17] [Server thread/INFO]: Kelp Growth Modifier: 100%
[09:32:17] [Server thread/INFO]: TwistingVines Growth Modifier: 100%
[09:32:17] [Server thread/INFO]: WeepingVines Growth Modifier: 100%
[09:32:17] [Server thread/INFO]: CaveVines Growth Modifier: 100%
[09:32:17] [Server thread/INFO]: GlowBerry Growth Modifier: 100%
[09:32:17] [Server thread/INFO]: PitcherPlant Growth Modifier: 100%
[09:32:17] [Server thread/INFO]: Entity Activation Range: An 32 / Mo 32 / Ra 48 / Mi 16 / Tiv true / Isa false
[09:32:17] [Server thread/INFO]: Entity Tracking Range: Pl 48 / An 48 / Mo 48 / Mi 32 / Di 128 / Other 64
[09:32:17] [Server thread/INFO]: Hopper Transfer: 8 Hopper Check: 1 Hopper Amount: 1 Hopper Can Load Chunks: false
[09:32:17] [Server thread/INFO]: Custom Map Seeds:  Village: 10387312 Desert: 14357617 Igloo: 14357618 Jungle: 14357619 Swamp: 14357620 Monument: 10387313 Ocean: 14357621 Shipwreck: 165745295 End City: 10387313 Slime: 987234911 Nether: 30084232 Mansion: 10387319 Fossil: 14357921 Portal: 34222645
[09:32:17] [Server thread/INFO]: Max TNT Explosions: 100
[09:32:17] [Server thread/INFO]: Tile Max Tick Time: 50ms Entity max Tick Time: 50ms
[09:32:18] [Server thread/INFO]: [TerraformGenerator] Detected world: world, commencing injection... 
[09:32:18] [Server thread/INFO]: [TerraformGenerator] Injection success! Proceeding with generation.
[09:32:18] [Server thread/INFO]: -------- World Settings For [world_nether] --------
[09:32:18] [Server thread/INFO]: View Distance: 10
[09:32:18] [Server thread/INFO]: Simulation Distance: 8
[09:32:18] [Server thread/INFO]: Item Merge Radius: 2.5
[09:32:18] [Server thread/INFO]: Experience Merge Radius: 3.0
[09:32:18] [Server thread/INFO]: Mob Spawn Range: 6
[09:32:18] [Server thread/INFO]: Item Despawn Rate: 6000
[09:32:18] [Server thread/INFO]: Arrow Despawn Rate: 1200 Trident Respawn Rate:1200
[09:32:18] [Server thread/INFO]: Zombie Aggressive Towards Villager: true
[09:32:18] [Server thread/INFO]: Nerfing mobs spawned from spawners: false
[09:32:18] [Server thread/INFO]: Allow Zombie Pigmen to spawn from portal blocks: true
[09:32:18] [Server thread/INFO]: Cactus Growth Modifier: 100%
[09:32:18] [Server thread/INFO]: Cane Growth Modifier: 100%
[09:32:18] [Server thread/INFO]: Melon Growth Modifier: 100%
[09:32:18] [Server thread/INFO]: Mushroom Growth Modifier: 100%
[09:32:18] [Server thread/INFO]: Pumpkin Growth Modifier: 100%
[09:32:18] [Server thread/INFO]: Sapling Growth Modifier: 100%
[09:32:18] [Server thread/INFO]: Beetroot Growth Modifier: 100%
[09:32:18] [Server thread/INFO]: Carrot Growth Modifier: 100%
[09:32:18] [Server thread/INFO]: Potato Growth Modifier: 100%
[09:32:18] [Server thread/INFO]: TorchFlower Growth Modifier: 100%
[09:32:18] [Server thread/INFO]: Wheat Growth Modifier: 100%
[09:32:18] [Server thread/INFO]: NetherWart Growth Modifier: 100%
[09:32:18] [Server thread/INFO]: Vine Growth Modifier: 100%
[09:32:18] [Server thread/INFO]: Cocoa Growth Modifier: 100%
[09:32:18] [Server thread/INFO]: Bamboo Growth Modifier: 100%
[09:32:18] [Server thread/INFO]: SweetBerry Growth Modifier: 100%
[09:32:18] [Server thread/INFO]: Kelp Growth Modifier: 100%
[09:32:18] [Server thread/INFO]: TwistingVines Growth Modifier: 100%
[09:32:18] [Server thread/INFO]: WeepingVines Growth Modifier: 100%
[09:32:18] [Server thread/INFO]: CaveVines Growth Modifier: 100%
[09:32:18] [Server thread/INFO]: GlowBerry Growth Modifier: 100%
[09:32:18] [Server thread/INFO]: PitcherPlant Growth Modifier: 100%
[09:32:18] [Server thread/INFO]: Entity Activation Range: An 32 / Mo 32 / Ra 48 / Mi 16 / Tiv true / Isa false
[09:32:18] [Server thread/INFO]: Entity Tracking Range: Pl 48 / An 48 / Mo 48 / Mi 32 / Di 128 / Other 64
[09:32:18] [Server thread/INFO]: Hopper Transfer: 8 Hopper Check: 1 Hopper Amount: 1 Hopper Can Load Chunks: false
[09:32:18] [Server thread/INFO]: Custom Map Seeds:  Village: 10387312 Desert: 14357617 Igloo: 14357618 Jungle: 14357619 Swamp: 14357620 Monument: 10387313 Ocean: 14357621 Shipwreck: 165745295 End City: 10387313 Slime: 987234911 Nether: 30084232 Mansion: 10387319 Fossil: 14357921 Portal: 34222645
[09:32:18] [Server thread/INFO]: Max TNT Explosions: 100
[09:32:18] [Server thread/INFO]: Tile Max Tick Time: 50ms Entity max Tick Time: 50ms
[09:32:20] [Server thread/INFO]: -------- World Settings For [world_the_end] --------
[09:32:20] [Server thread/INFO]: View Distance: 10
[09:32:20] [Server thread/INFO]: Simulation Distance: 8
[09:32:20] [Server thread/INFO]: Item Merge Radius: 2.5
[09:32:20] [Server thread/INFO]: Experience Merge Radius: 3.0
[09:32:20] [Server thread/INFO]: Mob Spawn Range: 6
[09:32:20] [Server thread/INFO]: Item Despawn Rate: 6000
[09:32:20] [Server thread/INFO]: Arrow Despawn Rate: 1200 Trident Respawn Rate:1200
[09:32:20] [Server thread/INFO]: Zombie Aggressive Towards Villager: true
[09:32:20] [Server thread/INFO]: Nerfing mobs spawned from spawners: false
[09:32:20] [Server thread/INFO]: Allow Zombie Pigmen to spawn from portal blocks: true
[09:32:20] [Server thread/INFO]: Cactus Growth Modifier: 100%
[09:32:20] [Server thread/INFO]: Cane Growth Modifier: 100%
[09:32:20] [Server thread/INFO]: Melon Growth Modifier: 100%
[09:32:20] [Server thread/INFO]: Mushroom Growth Modifier: 100%
[09:32:20] [Server thread/INFO]: Pumpkin Growth Modifier: 100%
[09:32:20] [Server thread/INFO]: Sapling Growth Modifier: 100%
[09:32:20] [Server thread/INFO]: Beetroot Growth Modifier: 100%
[09:32:20] [Server thread/INFO]: Carrot Growth Modifier: 100%
[09:32:20] [Server thread/INFO]: Potato Growth Modifier: 100%
[09:32:20] [Server thread/INFO]: TorchFlower Growth Modifier: 100%
[09:32:20] [Server thread/INFO]: Wheat Growth Modifier: 100%
[09:32:20] [Server thread/INFO]: NetherWart Growth Modifier: 100%
[09:32:20] [Server thread/INFO]: Vine Growth Modifier: 100%
[09:32:20] [Server thread/INFO]: Cocoa Growth Modifier: 100%
[09:32:20] [Server thread/INFO]: Bamboo Growth Modifier: 100%
[09:32:20] [Server thread/INFO]: SweetBerry Growth Modifier: 100%
[09:32:20] [Server thread/INFO]: Kelp Growth Modifier: 100%
[09:32:20] [Server thread/INFO]: TwistingVines Growth Modifier: 100%
[09:32:20] [Server thread/INFO]: WeepingVines Growth Modifier: 100%
[09:32:20] [Server thread/INFO]: CaveVines Growth Modifier: 100%
[09:32:20] [Server thread/INFO]: GlowBerry Growth Modifier: 100%
[09:32:20] [Server thread/INFO]: PitcherPlant Growth Modifier: 100%
[09:32:20] [Server thread/INFO]: Entity Activation Range: An 32 / Mo 32 / Ra 48 / Mi 16 / Tiv true / Isa false
[09:32:20] [Server thread/INFO]: Entity Tracking Range: Pl 48 / An 48 / Mo 48 / Mi 32 / Di 128 / Other 64
[09:32:20] [Server thread/INFO]: Hopper Transfer: 8 Hopper Check: 1 Hopper Amount: 1 Hopper Can Load Chunks: false
[09:32:20] [Server thread/INFO]: Custom Map Seeds:  Village: 10387312 Desert: 14357617 Igloo: 14357618 Jungle: 14357619 Swamp: 14357620 Monument: 10387313 Ocean: 14357621 Shipwreck: 165745295 End City: 10387313 Slime: 987234911 Nether: 30084232 Mansion: 10387319 Fossil: 14357921 Portal: 34222645
[09:32:20] [Server thread/INFO]: Max TNT Explosions: 100
[09:32:20] [Server thread/INFO]: Tile Max Tick Time: 50ms Entity max Tick Time: 50ms
[09:32:21] [Server thread/INFO]: Preparing start region for dimension minecraft:overworld
[09:32:21] [Server thread/INFO]: Time elapsed: 85 ms
[09:32:21] [Server thread/INFO]: [TerraformGenerator] world loaded.
[09:32:21] [Server thread/INFO]: Preparing start region for dimension minecraft:the_nether
[09:32:21] [Server thread/INFO]: Time elapsed: 196 ms
[09:32:21] [Server thread/INFO]: Preparing start region for dimension minecraft:the_end
[09:32:21] [Server thread/INFO]: Time elapsed: 62 ms
[09:32:21] [Server thread/INFO]: [ViaVersion] Enabling ViaVersion v4.9.2
[09:32:21] [Server thread/INFO]: [ViaVersion] ViaVersion detected server version: 1.20.2 (764)
[09:32:21] [Server thread/INFO]: [PlaceholderAPI] Enabling PlaceholderAPI v2.11.5
[09:32:22] [Server thread/INFO]: [PlaceholderAPI] Fetching available expansion information...
[09:32:22] [Server thread/INFO]: [ViaBackwards] Enabling ViaBackwards v4.9.1
[09:32:22] [Server thread/INFO]: [LibsDisguises] Enabling LibsDisguises v10.0.42
[09:32:22] [Server thread/INFO]: [LibsDisguises] File Name: LibsDisguises-10.0.40-Free.jar
[09:32:22] [Server thread/INFO]: [LibsDisguises] Discovered nms version: (Package: v1_20_R2) (LD: v1_20_R2) (MC: 1.20.2)
[09:32:22] [Server thread/INFO]: [LibsDisguises] Jenkins Build: #1298
[09:32:22] [Server thread/INFO]: [LibsDisguises] Build Date: 28/01/2024 12:26
[09:32:22] [Server thread/INFO]: [LibsDisguises] If you own the plugin, place the premium jar downloaded from https://www.spigotmc.org/resources/libs-disguises.32453/ in plugins/LibsDisguises/
[09:32:22] [Server thread/INFO]: [LibsDisguises] You are running the free version, commands limited to non-players and operators. (Console, Command Blocks, Admins)
[09:32:22] [Tuinity Chunk System Worker #0/WARN]: [ChunkUpgradeGenericStatusTask] Future status not complete after scheduling: minecraft:biomes, generate: true
[09:32:23] [Server thread/INFO]: [LibsDisguises] Loaded custom disguise libraryaddict
[09:32:23] [Server thread/INFO]: [LibsDisguises] Loaded 1 custom disguise
[09:32:23] [Server thread/INFO]: [LibsDisguises] Config is up to date!
[09:32:23] [Server thread/WARN]: [ProtocolLib] [PacketFilterManager] Plugin LibsDisguises tried to register listener for unknown packet CUSTOM_PAYLOAD[PLAY, CLIENT, 16, classNames: [net.minecraft.network.protocol.game.PacketPlayInCustomPayload, net.minecraft.network.protocol.game.ServerboundCustomPayloadPacket, net.minecraft.network.play.client.CPacketCustomPayload] (unregistered)] [direction: from CLIENT]
[09:32:23] [Server thread/INFO]: [Essentials] Enabling Essentials v2.20.1
[09:32:23] [Server thread/ERROR]: [Essentials] You are running an unsupported server version!
[09:32:24] [Server thread/INFO]: [Essentials] Attempting to convert old kits in config.yml to new kits.yml
[09:32:24] [Server thread/INFO]: [Essentials] No kits found to migrate.
[09:32:24] [Server thread/INFO]: [Essentials] Loaded 39094 items from items.json.
[09:32:24] [Server thread/INFO]: [Essentials] Using locale en
[09:32:24] [Server thread/INFO]: [Essentials] ServerListPingEvent: Spigot iterator API
[09:32:24] [Server thread/INFO]: [Essentials] Starting Metrics. Opt-out using the global bStats config.
[09:32:24] [Server thread/INFO]: [Vault] [Economy] Essentials Economy hooked.
[09:32:24] [Server thread/INFO]: [Essentials] Using Vault based permissions (LuckPerms)
[09:32:24] [Server thread/INFO]: [spark] Enabling spark v1.10.60
[09:32:24] [Server thread/INFO]: [spark] Using Paper ServerTickStartEvent for tick monitoring
[09:32:25] [Server thread/INFO]: [spark] Starting background profiler...
[09:32:25] [Server thread/INFO]: [PlaceholderAPI] Successfully registered internal expansion: spark [1.10.60]
[09:32:25] [Server thread/INFO]: [spark] Registered PlaceholderAPI placeholders
[09:32:25] [Server thread/INFO]: [GSit] Enabling GSit v1.7.0
[09:32:25] [Server thread/INFO]: [GSit] The plugin was successfully enabled.
[09:32:25] [Server thread/INFO]: [GSit] Link with PlaceholderAPI successful!
[09:32:25] [Server thread/INFO]: [PlaceholderAPI] Successfully registered internal expansion: gsit [1.7.0]
[09:32:25] [Server thread/INFO]: [GSit] Link with ViaVersion successful!
[09:32:25] [Server thread/INFO]: [KissMe] Enabling KissMe v1.0*
[09:32:25] [Server thread/INFO]: [KissMe] [KissMe] activated
[09:32:25] [Server thread/INFO]: [ServerListPlus] Enabling ServerListPlus v3.5.0
[09:32:25] [Server thread/INFO]: [ServerListPlus] [Core] Reloading configuration...
[09:32:25] [Server thread/INFO]: [ServerListPlus] [Core] Loaded configuration: ServerStatusConf
[09:32:25] [Server thread/INFO]: [ServerListPlus] [Core] Loaded configuration: PluginConf
[09:32:25] [Server thread/INFO]: [ServerListPlus] [Core] Loaded configuration: BukkitConf
[09:32:26] [Server thread/INFO]: [ServerListPlus] ProtocolLib is no longer required (and used) by default when using Paper. If this causes compatibility issues with other plugins, try setting ProtocolLib: ENABLE
[09:32:26] [Server thread/INFO]: [ServerListPlus] [Core] Reloading saved player identities...
[09:32:26] [Server thread/INFO]: [ServerListPlus] Successfully loaded!
[09:32:26] [Server thread/INFO]: [ServerListPlus] ServerListPlus v3.5.0 enabled.
[09:32:26] [Server thread/INFO]: [playit-gg] Enabling playit-gg v0.1.4
[09:32:26] [Thread-15/INFO]: [gg.playit.minecraft.PlayitKeysSetup] secret key found, checking
[09:32:26] [Server thread/INFO]: [AntiPopup] Enabling AntiPopup v7.3
[09:32:26] [Thread-15/INFO]: [gg.playit.minecraft.PlayitKeysSetup] check secret
[09:32:26] [Server thread/INFO]: [AntiPopup] Config enabled.
[09:32:26] [Server thread/INFO]: [AntiPopup] Initiated PacketEvents.
[09:32:26] [Server thread/INFO]: [AntiPopup] Hooked on 1.20.2
[09:32:26] [Server thread/INFO]: [AntiPopup] Commands registered.
[09:32:26] [Server thread/INFO]: [AntiPopup] Logger filter enabled.
[09:32:26] [Server thread/INFO]: [TAB] Enabling TAB v4.1.2
[09:32:26] [Server thread/INFO]: [PlaceholderAPI] Successfully registered internal expansion: tab [4.1.2]
[09:32:26] [Server thread/INFO]: [TAB] Enabled in 158ms
[09:32:26] [Server thread/INFO]: [OmegaVision] Enabling OmegaVision v2.5.16
[09:32:26] [Server thread/INFO]: [OmegaVision] Attempting to update the config files....
[09:32:26] [Server thread/INFO]:   ____ _   __
[09:32:26] [Server thread/INFO]:  / __ \ | / /   OmegaVision v2.5.16 by OmegaWeaponDev
[09:32:26] [Server thread/INFO]: / /_/ / |/ /    Running on version: git-Purpur-2095 (MC: 1.20.2)
[09:32:26] [Server thread/INFO]: \____/|___/
[09:32:26] [Server thread/INFO]: 
[09:32:26] [Server thread/INFO]: [PlaceholderAPI] Successfully registered internal expansion: omegavision [2.5.16]
[09:32:26] [Server thread/INFO]: [OmegaVision] OmegaVision is now attempting to register it's commands...
[09:32:26] [Server thread/INFO]: [OmegaVision] OmegaVision has successfully registered all of it's commands.
[09:32:26] [Server thread/INFO]: [EssentialsChat] Enabling EssentialsChat v2.20.1
[09:32:26] [Server thread/INFO]: [EssentialsChat] Starting Metrics. Opt-out using the global bStats config.
[09:32:26] [Server thread/INFO]: [UltraCosmetics] Enabling UltraCosmetics v3.4.2
[09:32:27] [Server thread/INFO]: [UltraCosmetics] Checking for update...
[09:32:27] [Server thread/INFO]: [UltraCosmetics] -------------------------------------------------------------------
[09:32:27] [Server thread/INFO]: [UltraCosmetics] Thanks for using UltraCosmetics! Version: 3.4.2-RELEASE (commit ef004f4)
[09:32:27] [Server thread/INFO]: [UltraCosmetics] Plugin by Datatags. Original Author: iSach
[09:32:27] [Server thread/INFO]: [UltraCosmetics] Link: https://bit.ly/UltraCosmetics
[09:32:27] [Server thread/INFO]: [UltraCosmetics] Initializing module v1_20 (expected version: 1.20.4)
[09:32:27] [Server thread/INFO]: [UltraCosmetics] Loading NMS-less mode...
[09:32:27] [Server thread/INFO]: [UltraCosmetics] Loaded NMS-less mode
[09:32:27] [Thread-15/INFO]: [gg.playit.minecraft.PlayitKeysSetup] found minecraft java tunnel: similar-benchmark.gl.joinmc.link
[09:32:27] [Thread-15/INFO]: [gg.playit.minecraft.PlayitManager] keys and tunnel setup
[09:32:27] [Thread-15/WARN]: [gg.playit.control.ChannelSetup] Got IO error working with :control.playit.gg/2602:fbaf:840:0:0:0:0:1, error : java.net.SocketException: Network is unreachable
[09:32:28] [Thread-15/INFO]: [gg.playit.control.ChannelSetup] request queued, waiting 1 second before resend
[09:32:28] [Server thread/INFO]: [UltraCosmetics] 
[09:32:28] [Server thread/INFO]: [PlaceholderAPI] Successfully registered internal expansion: ultracosmetics [3.4.2]
[09:32:28] [Server thread/INFO]: [UltraCosmetics] Hooked into PlaceholderAPI
[09:32:28] [Server thread/INFO]: [UltraCosmetics] 
[09:32:28] [Server thread/INFO]: [UltraCosmetics] Hooked into Vault:EssentialsX Economy for economy.
[09:32:28] [Server thread/INFO]: [UltraCosmetics] 
[09:32:28] [Server thread/INFO]: [UltraCosmetics] 
[09:32:28] [Server thread/INFO]: [UltraCosmetics] UltraCosmetics successfully finished loading in 1996ms!
[09:32:28] [Server thread/INFO]: [UltraCosmetics] -------------------------------------------------------------------
[09:32:28] [Server thread/INFO]: [HeadDatabase] Enabling HeadDatabase v4.18.0
[09:32:28] [Server thread/INFO]: [HeadDatabase] [Spigotunlocked.com] - COSMO
[09:32:29] [Server thread/INFO]: [HeadDatabase] §bUsing default §3"en_US.lang" §bcreated by §6Arcaniax
[09:32:29] [Server thread/WARN]: [HeadDatabase] Economy was not loaded, some features will be disabled!
[09:32:29] [Server thread/INFO]: [PlaceholderAPI] Successfully registered internal expansion: hdb [4.18.0]
[09:32:29] [Thread-15/INFO]: [gg.playit.control.ChannelSetup] request queued, waiting 1 second before resend
[09:32:29] [Server thread/INFO]: [PlaceholderAPI] Placeholder expansion registration initializing...
[09:32:29] [Server thread/INFO]: Running delayed init tasks
[09:32:29] [Craft Scheduler Thread - 2 - ViaVersion/INFO]: [ViaVersion] Finished mapping loading, shutting down loader executor!
[09:32:29] [Craft Scheduler Thread - 2 - Essentials/INFO]: [Essentials] Fetching version information...
[09:32:29] [Server thread/INFO]: [Essentials] Essentials found a compatible payment resolution method: Vault Compatibility Layer (v1.7.3-b131)!
[09:32:29] [Server thread/INFO]: Done (24.066s)! For help, type "help"
[09:32:29] [Craft Scheduler Thread - 6 - Vault/INFO]: [Vault] Checking for Updates ... 
[09:32:29] [Server thread/INFO]: [PlaceholderAPI] Successfully registered external expansion: essentials [1.5.2]
[09:32:29] [Server thread/INFO]: 1 placeholder hook(s) registered!
[09:32:29] [Craft Scheduler Thread - 5 - UltraCosmetics/INFO]: [UltraCosmetics] You are running the latest version on Spigot.
[09:32:29] [Craft Scheduler Thread - 0 - OmegaVision/INFO]: [OmegaVision] You are already running the latest version
[09:32:29] [Folia Async Scheduler Thread #3/INFO]: [HeadDatabase] Successfully loaded 65293 heads!
[09:32:30] [Folia Async Scheduler Thread #3/INFO]: [HeadDatabase] Successfully loaded 18 featured tags!
[09:32:30] [Craft Scheduler Thread - 6 - Vault/INFO]: [Vault] No new version available
[09:32:30] [Folia Async Scheduler Thread Timer/ERROR]: [HeadDatabase] Unable to check for updates. Error: Server returned HTTP response code: 400 for URL: https://api.spigotmc.org/simple/0.1/index.php?action=getResource&id=%%__RESOURCE__%%
[09:32:34] [Thread-15/INFO]: [gg.playit.minecraft.PlayitManager] got new client: NewClient{connectAddr=147.185.221.18:37920, peerAddr=103.175.186.230:50317, claimAddress=209.25.143.2:43784, claimToken=[44, 0, 60, -109, -71, -35, 18, -108, 32, 103, -81, -70, -26, -60, -115, 6, 69, 85, -69, -85, 8, 101, -32, 79, 50, 0, 0, 0, 0, 0, 6, -10, -67, 0, 0, 0, 0, 0, 46, -54, -25, 60, -69, -85, 8, 0, 0, 0, 0, 28, 0, 0, 0, 0, 0, 0, 0, 1, 0, 1, -28, 59, -102, 49, -3, 53, -32, -33, -75, -31, -109, -45, 2, 27, -72, -14], tunnelServerId=1, dataCenterId=28}
[09:32:34] [Thread-15/INFO]: [gg.playit.minecraft.PlayitManager] starting tcp tunnel for client
[09:32:34] [Thread-15/INFO]: [gg.playit.minecraft.PlayitTcpTunnel] start connection to /209.25.143.2:43784 to claim client
[09:32:34] [nioEventLoopGroup-2-1/INFO]: [gg.playit.minecraft.PlayitTcpTunnel] connected to tunnel server, sending claim token
[09:32:34] [nioEventLoopGroup-2-1/INFO]: [gg.playit.minecraft.PlayitTcpTunnel] claim token sent
[09:32:34] [nioEventLoopGroup-2-1/INFO]: [gg.playit.minecraft.PlayitTcpTunnel] connection to tunnel server has been established
[09:32:34] [nioEventLoopGroup-2-1/INFO]: [gg.playit.minecraft.PlayitTcpTunnel] Reflect: ReflectionHelper{ServerConnection=class net.minecraft.server.network.ServerConnection, LegacyPingHandler=class net.minecraft.server.network.LegacyPingHandler, MinecraftServer=class net.minecraft.server.MinecraftServer, PacketSplitter=class net.minecraft.network.PacketSplitter, PacketDecoder=class net.minecraft.network.PacketDecoder, EnumProtocolDirection=class net.minecraft.network.protocol.EnumProtocolDirection, PacketPrepender=class net.minecraft.network.PacketPrepender, PacketEncoder=class net.minecraft.network.PacketEncoder, NetworkManagerServer=class net.minecraft.network.NetworkManagerServer, NetworkManager=class net.minecraft.network.NetworkManager, HandshakeListener=class net.minecraft.server.network.HandshakeListener, PacketListener=interface net.minecraft.network.PacketListener, CraftServer=null}
[09:32:34] [nioEventLoopGroup-2-1/INFO]: [gg.playit.minecraft.PlayitTcpTunnel] failed to get Minecraft server from Bukkit.getServer()
[09:32:34] [nioEventLoopGroup-2-1/INFO]: [gg.playit.minecraft.PlayitTcpTunnel] connecting to minecraft server at /0.0.0.0:41177
[09:32:34] [nioEventLoopGroup-2-2/INFO]: [gg.playit.minecraft.PlayitTcpTunnel] connected to local minecraft server
[09:32:34] [User Authenticator #0/INFO]: UUID of player Suvrajit is 4e652eb0-f42e-34fb-8424-539c2da8221f
[09:32:35] [Server thread/INFO]: Suvrajit joined the game
[09:32:35] [Server thread/INFO]: Suvrajit[/127.0.0.1:38968] logged in with entity id 133 at ([world]5.5, 63.0, 6.5)
[09:34:04] [Server thread/INFO]: Suvrajit issued server command: /jump
[09:34:05] [Server thread/INFO]: Suvrajit issued server command: /jump
[09:34:07] [Server thread/INFO]: Suvrajit issued server command: /jump
[09:34:07] [Server thread/INFO]: Suvrajit issued server command: /jump
[09:34:11] [Server thread/INFO]: Suvrajit issued server command: /spark
[09:34:15] [Server thread/INFO]: Suvrajit issued server command: /spark profiler open
[09:34:18] [Attach Listener/ERROR]: [STDERR] [sun.instrument.InstrumentationImpl] WARNING: A Java agent has been loaded dynamically (/tmp/byteBuddyAgent985427949518404385.jar)
WARNING: If a serviceability tool is in use, please run with -XX:+EnableDynamicAgentLoading to hide this warning
WARNING: If a serviceability tool is not in use, please run with -Djdk.instrument.traceUsage for more information
WARNING: Dynamic loading of agents will be disallowed by default in a future release
[09:34:19] [Craft Scheduler Thread - 6 - spark/INFO]: [⚡] Profiler live viewer:
[09:34:19] [Craft Scheduler Thread - 6 - spark/INFO]: https://spark.lucko.me/bh5Z0GN8c3
[09:34:26] [WebSocketConnectReadThread-169/INFO]: [spark] [Viewer - UhpkUqVQJuB5KG0] Client connected: clientId=261e-4dc4, keyhash=14306e, desc=Chrome on Windows
[09:35:28] [nioEventLoopGroup-2-1/WARN]: [gg.playit.minecraft.PlayitTcpTunnel] failed to send data to tunnel
[09:35:28] [Server thread/INFO]: Suvrajit lost connection: Disconnected
[09:35:28] [Server thread/INFO]: Suvrajit left the game
[09:35:51] [Thread-15/INFO]: [gg.playit.minecraft.PlayitManager] got new client: NewClient{connectAddr=147.185.221.18:37920, peerAddr=103.175.186.230:50352, claimAddress=209.25.143.2:43784, claimToken=[44, 0, 60, -109, -71, -35, 18, -108, 32, 103, -81, -70, -26, -60, -80, 99, -21, -87, -51, -85, 8, 101, -32, 79, -9, 0, 0, 0, 0, 0, 6, -10, -67, 0, 0, 0, 0, 0, 46, -54, -25, 95, -51, -85, 8, 0, 0, 0, 0, 28, 0, 0, 0, 0, 0, 0, 0, 1, 0, 1, 115, -45, 102, 55, 81, -111, -98, 31, 38, 101, -70, -75, -96, -76, -28, 42], tunnelServerId=1, dataCenterId=28}
[09:35:51] [Thread-15/INFO]: [gg.playit.minecraft.PlayitManager] starting tcp tunnel for client
[09:35:51] [Thread-15/INFO]: [gg.playit.minecraft.PlayitTcpTunnel] start connection to /209.25.143.2:43784 to claim client
[09:35:51] [nioEventLoopGroup-2-3/INFO]: [gg.playit.minecraft.PlayitTcpTunnel] connected to tunnel server, sending claim token
[09:35:51] [nioEventLoopGroup-2-3/INFO]: [gg.playit.minecraft.PlayitTcpTunnel] claim token sent
[09:35:51] [nioEventLoopGroup-2-3/INFO]: [gg.playit.minecraft.PlayitTcpTunnel] connection to tunnel server has been established
[09:35:51] [nioEventLoopGroup-2-3/INFO]: [gg.playit.minecraft.PlayitTcpTunnel] Reflect: ReflectionHelper{ServerConnection=class net.minecraft.server.network.ServerConnection, LegacyPingHandler=class net.minecraft.server.network.LegacyPingHandler, MinecraftServer=class net.minecraft.server.MinecraftServer, PacketSplitter=class net.minecraft.network.PacketSplitter, PacketDecoder=class net.minecraft.network.PacketDecoder, EnumProtocolDirection=class net.minecraft.network.protocol.EnumProtocolDirection, PacketPrepender=class net.minecraft.network.PacketPrepender, PacketEncoder=class net.minecraft.network.PacketEncoder, NetworkManagerServer=class net.minecraft.network.NetworkManagerServer, NetworkManager=class net.minecraft.network.NetworkManager, HandshakeListener=class net.minecraft.server.network.HandshakeListener, PacketListener=interface net.minecraft.network.PacketListener, CraftServer=null}
[09:35:51] [nioEventLoopGroup-2-3/INFO]: [gg.playit.minecraft.PlayitTcpTunnel] failed to get Minecraft server from Bukkit.getServer()
[09:35:51] [nioEventLoopGroup-2-3/INFO]: [gg.playit.minecraft.PlayitTcpTunnel] connecting to minecraft server at /0.0.0.0:41177
[09:35:51] [nioEventLoopGroup-2-4/INFO]: [gg.playit.minecraft.PlayitTcpTunnel] connected to local minecraft server
[09:35:52] [Thread-15/INFO]: [gg.playit.minecraft.PlayitManager] got new client: NewClient{connectAddr=147.185.221.18:37920, peerAddr=103.175.186.230:50353, claimAddress=209.25.143.2:43784, claimToken=[44, 0, 60, -109, -71, -35, 18, -108, 32, 103, -81, -70, -26, -60, -79, -34, 119, 13, 66, -85, 8, 101, -32, 79, -8, 0, 0, 0, 0, 0, 6, -10, -67, 0, 0, 0, 0, 0, 46, -54, -25, -90, 66, -85, 8, 0, 0, 0, 0, 28, 0, 0, 0, 0, 0, 0, 0, 1, 0, 1, 16, -106, 98, 36, 28, -108, -99, 90, 9, 108, -1, -25, 18, 101, -88, -60], tunnelServerId=1, dataCenterId=28}
[09:35:52] [Thread-15/INFO]: [gg.playit.minecraft.PlayitManager] starting tcp tunnel for client
[09:35:52] [Thread-15/INFO]: [gg.playit.minecraft.PlayitTcpTunnel] start connection to /209.25.143.2:43784 to claim client
[09:35:52] [nioEventLoopGroup-2-1/INFO]: [gg.playit.minecraft.PlayitTcpTunnel] connected to tunnel server, sending claim token
[09:35:52] [nioEventLoopGroup-2-1/INFO]: [gg.playit.minecraft.PlayitTcpTunnel] claim token sent
[09:35:52] [nioEventLoopGroup-2-1/INFO]: [gg.playit.minecraft.PlayitTcpTunnel] connection to tunnel server has been established
[09:35:52] [nioEventLoopGroup-2-1/INFO]: [gg.playit.minecraft.PlayitTcpTunnel] Reflect: ReflectionHelper{ServerConnection=class net.minecraft.server.network.ServerConnection, LegacyPingHandler=class net.minecraft.server.network.LegacyPingHandler, MinecraftServer=class net.minecraft.server.MinecraftServer, PacketSplitter=class net.minecraft.network.PacketSplitter, PacketDecoder=class net.minecraft.network.PacketDecoder, EnumProtocolDirection=class net.minecraft.network.protocol.EnumProtocolDirection, PacketPrepender=class net.minecraft.network.PacketPrepender, PacketEncoder=class net.minecraft.network.PacketEncoder, NetworkManagerServer=class net.minecraft.network.NetworkManagerServer, NetworkManager=class net.minecraft.network.NetworkManager, HandshakeListener=class net.minecraft.server.network.HandshakeListener, PacketListener=interface net.minecraft.network.PacketListener, CraftServer=null}
[09:35:52] [nioEventLoopGroup-2-1/INFO]: [gg.playit.minecraft.PlayitTcpTunnel] failed to get Minecraft server from Bukkit.getServer()
[09:35:52] [nioEventLoopGroup-2-1/INFO]: [gg.playit.minecraft.PlayitTcpTunnel] connecting to minecraft server at /0.0.0.0:41177
[09:35:52] [nioEventLoopGroup-2-2/INFO]: [gg.playit.minecraft.PlayitTcpTunnel] connected to local minecraft server
[09:35:53] [User Authenticator #1/INFO]: UUID of player rt560 is 046e6946-de1a-3e16-ae4f-3df018a538f4
[09:35:53] [Server thread/INFO]: Disconnecting rt560 (/127.0.0.1:53452): You are not whitelisted on this server!
[09:35:53] [Server thread/INFO]: rt560 (/127.0.0.1:53452) lost connection: You are not whitelisted on this server!
[09:36:05] [Server thread/INFO]: Added rt560 to the whitelist
[09:36:09] [Thread-15/INFO]: [gg.playit.minecraft.PlayitManager] got new client: NewClient{connectAddr=147.185.221.18:37920, peerAddr=103.175.186.230:50361, claimAddress=209.25.143.2:43784, claimToken=[44, 0, 60, -109, -71, -35, 18, -108, 32, 103, -81, -70, -26, -60, -71, 37, -99, -69, 114, -85, 8, 101, -32, 80, 9, 0, 0, 0, 0, 0, 6, -10, -67, 0, 0, 0, 0, 0, 46, -54, -25, -22, 114, -85, 8, 0, 0, 0, 0, 28, 0, 0, 0, 0, 0, 0, 0, 1, 0, 1, 40, 13, 21, 68, 84, 34, -35, -114, -120, 106, -18, 111, 57, 107, -46, -81], tunnelServerId=1, dataCenterId=28}
[09:36:09] [Thread-15/INFO]: [gg.playit.minecraft.PlayitManager] starting tcp tunnel for client
[09:36:09] [Thread-15/INFO]: [gg.playit.minecraft.PlayitTcpTunnel] start connection to /209.25.143.2:43784 to claim client
[09:36:09] [nioEventLoopGroup-2-3/INFO]: [gg.playit.minecraft.PlayitTcpTunnel] connected to tunnel server, sending claim token
[09:36:09] [nioEventLoopGroup-2-3/INFO]: [gg.playit.minecraft.PlayitTcpTunnel] claim token sent
[09:36:09] [nioEventLoopGroup-2-3/INFO]: [gg.playit.minecraft.PlayitTcpTunnel] connection to tunnel server has been established
[09:36:09] [nioEventLoopGroup-2-3/INFO]: [gg.playit.minecraft.PlayitTcpTunnel] Reflect: ReflectionHelper{ServerConnection=class net.minecraft.server.network.ServerConnection, LegacyPingHandler=class net.minecraft.server.network.LegacyPingHandler, MinecraftServer=class net.minecraft.server.MinecraftServer, PacketSplitter=class net.minecraft.network.PacketSplitter, PacketDecoder=class net.minecraft.network.PacketDecoder, EnumProtocolDirection=class net.minecraft.network.protocol.EnumProtocolDirection, PacketPrepender=class net.minecraft.network.PacketPrepender, PacketEncoder=class net.minecraft.network.PacketEncoder, NetworkManagerServer=class net.minecraft.network.NetworkManagerServer, NetworkManager=class net.minecraft.network.NetworkManager, HandshakeListener=class net.minecraft.server.network.HandshakeListener, PacketListener=interface net.minecraft.network.PacketListener, CraftServer=null}
[09:36:09] [nioEventLoopGroup-2-3/INFO]: [gg.playit.minecraft.PlayitTcpTunnel] failed to get Minecraft server from Bukkit.getServer()
[09:36:09] [nioEventLoopGroup-2-3/INFO]: [gg.playit.minecraft.PlayitTcpTunnel] connecting to minecraft server at /0.0.0.0:41177
[09:36:09] [nioEventLoopGroup-2-4/INFO]: [gg.playit.minecraft.PlayitTcpTunnel] connected to local minecraft server
[09:36:09] [User Authenticator #1/INFO]: UUID of player rt560 is 046e6946-de1a-3e16-ae4f-3df018a538f4
[09:36:09] [Server thread/INFO]: rt560 joined the game
[09:36:09] [Server thread/INFO]: rt560[/127.0.0.1:37188] logged in with entity id 974 at ([world]5.5, 63.0, 6.5)
[09:36:30] [Thread-15/INFO]: [gg.playit.control.ChannelSetup] send keep alive
[09:36:33] [Async Chat Thread - #1/INFO]: rt560: e
[09:38:25] [spark-async-sampler-worker-thread/INFO]: [spark] [Viewer - UhpkUqVQJuB5KG0] No clients have pinged for 30s, closing socket
[09:40:30] [Thread-15/INFO]: [gg.playit.control.ChannelSetup] send keep alive
[09:41:48] [Server thread/INFO]: rt560 has made the advancement [Stone Age]
[09:43:04] [Server thread/INFO]: rt560 has made the advancement [Getting an Upgrade]
[09:44:31] [Thread-15/INFO]: [gg.playit.control.ChannelSetup] send keep alive
[09:46:10] [Server thread/INFO]: rt560 has made the advancement [Monster Hunter]
[09:47:49] [Server thread/INFO]: rt560 was shot by Skeleton
[09:48:32] [Thread-15/INFO]: [gg.playit.control.ChannelSetup] send keep alive
[09:49:38] [Server thread/INFO]: rt560 has made the advancement [Sweet Dreams]
[09:52:32] [Thread-15/INFO]: [gg.playit.control.ChannelSetup] send keep alive
[09:56:33] [Thread-15/INFO]: [gg.playit.control.ChannelSetup] send keep alive
[10:00:33] [Thread-15/INFO]: [gg.playit.control.ChannelSetup] send keep alive
[10:02:29] [Craft Scheduler Thread - 16 - LibsDisguises/INFO]: [LibsDisguises] Now looking for update on Github..
[10:02:37] [Server thread/INFO]: rt560 issued server command: /skin gui
[10:02:53] [Server thread/INFO]: rt560 issued server command: /skin set Legendaryxxx
[10:03:03] [Server thread/INFO]: rt560 issued server command: /skin set xPari
[10:03:09] [Server thread/INFO]: rt560 issued server command: /skin set xPari_
[10:03:19] [Server thread/INFO]: rt560 issued server command: /skin set xPari_
[10:03:28] [Server thread/INFO]: rt560 issued server command: /skin set xPari_
[10:03:30] [Server thread/INFO]: rt560 issued server command: /skin set xPari_
[10:03:33] [Server thread/INFO]: rt560 issued server command: /skin set xPari_
[10:03:35] [Server thread/INFO]: rt560 issued server command: /skin set xPari_
[10:03:37] [Server thread/INFO]: rt560 issued server command: /skin set xPari_
[10:04:34] [Thread-15/INFO]: [gg.playit.control.ChannelSetup] send keep alive
[10:08:35] [Thread-15/INFO]: [gg.playit.control.ChannelSetup] send keep alive
[10:09:02] [Server thread/WARN]: rt560 moved too quickly! -0.07119363143686996,-3.9031272476744903,10.68326928859824
[10:10:58] [Server thread/INFO]: rt560 issued server command: /nv
[10:12:36] [Thread-15/INFO]: [gg.playit.control.ChannelSetup] send keep alive
[10:13:08] [nioEventLoopGroup-2-3/WARN]: [gg.playit.minecraft.PlayitTcpTunnel] failed to send data to tunnel
[10:13:08] [Server thread/INFO]: rt560 lost connection: Disconnected
[10:13:08] [Server thread/INFO]: rt560 left the game
[10:13:16] [Server thread/INFO]: Stopping the server
[10:13:17] [Server thread/INFO]: Stopping server
[10:13:17] [Server thread/INFO]: [HeadDatabase] Disabling HeadDatabase v4.18.0
[10:13:17] [Server thread/INFO]: [TerraformGenerator] Disabling TerraformGenerator v13.0.3
[10:13:17] [Server thread/INFO]: [UltraCosmetics] Disabling UltraCosmetics v3.4.2
[10:13:17] [Server thread/INFO]: [EssentialsChat] Disabling EssentialsChat v2.20.1
[10:13:17] [Server thread/INFO]: [OmegaVision] Disabling OmegaVision v2.5.16
[10:13:17] [Server thread/INFO]: [WorldEdit] Disabling WorldEdit v7.2.18+6616-abda4e0
[10:13:17] [Server thread/INFO]: Unregistering com.sk89q.worldedit.bukkit.BukkitServerInterface from WorldEdit
[10:13:17] [Server thread/INFO]: [TAB] Disabling TAB v4.1.2
[10:13:17] [Server thread/INFO]: [TAB] Disabled in 1ms
[10:13:17] [Server thread/INFO]: [AntiPopup] Disabling AntiPopup v7.3
[10:13:17] [Server thread/INFO]: [AntiPopup] Disabled PacketEvents.
[10:13:17] [Server thread/INFO]: [playit-gg] Disabling playit-gg v0.1.4
[10:13:17] [Server thread/INFO]: [ServerListPlus] Disabling ServerListPlus v3.5.0
[10:13:17] [Server thread/INFO]: [ServerListPlus] ServerListPlus v3.5.0 disabled.
[10:13:17] [Server thread/INFO]: [KissMe] Disabling KissMe v1.0
[10:13:17] [Server thread/INFO]: [KissMe] [KissMe] deactivated
[10:13:17] [Server thread/INFO]: [SkinsRestorer] Disabling SkinsRestorer v15.0.7
[10:13:17] [Server thread/INFO]: [GSit] Disabling GSit v1.7.0
[10:13:17] [Server thread/INFO]: [GSit] The plugin was successfully disabled.
[10:13:17] [Server thread/INFO]: [spark] Disabling spark v1.10.60
[10:13:17] [Server thread/INFO]: [Essentials] Disabling Essentials v2.20.1
[10:13:17] [Server thread/INFO]: [Vault] [Economy] Essentials Economy unhooked.
[10:13:17] [Server thread/INFO]: [LibsDisguises] Disabling LibsDisguises v10.0.42
[10:13:17] [Server thread/INFO]: [ViaBackwards] Disabling ViaBackwards v4.9.1
[10:13:17] [Server thread/INFO]: [PlaceholderAPI] Disabling PlaceholderAPI v2.11.5
[10:13:17] [Server thread/INFO]: [Vault] Disabling Vault v1.7.3-b131
[10:13:17] [Server thread/INFO]: [ProtocolLib] Disabling ProtocolLib v5.2.0-SNAPSHOT-679
[10:13:17] [Server thread/INFO]: [LuckPerms] Disabling LuckPerms v5.4.116
[10:13:17] [Server thread/INFO]: [LuckPerms] Starting shutdown process...
[10:13:17] [Server thread/INFO]: [LuckPerms] Closing storage...
[10:13:17] [Server thread/INFO]: [LuckPerms] Goodbye!
[10:13:17] [Server thread/INFO]: [ViaVersion] Disabling ViaVersion v4.9.2
[10:13:17] [Server thread/INFO]: [ViaVersion] ViaVersion is disabling, if this is a reload and you experience issues consider rebooting.
[10:13:17] [Server thread/INFO]: Saving players
[10:13:17] [Server thread/INFO]: Saving worlds
[10:13:17] [Server thread/INFO]: Saving chunks for level 'ServerLevel[world]'/minecraft:overworld
[10:13:17] [Server thread/INFO]: [ChunkHolderManager] Waiting 60s for chunk system to halt for world 'world'
[10:13:17] [Server thread/INFO]: [ChunkHolderManager] Halted chunk system for world 'world'
[10:13:17] [Server thread/INFO]: [ChunkHolderManager] Saving all chunkholders for world 'world'
[10:13:17] [Server thread/INFO]: [ChunkHolderManager] Saved 647 block chunks, 303 entity chunks, 0 poi chunks in world 'world' in 0.33s
[10:13:18] [Server thread/INFO]: ThreadedAnvilChunkStorage (world): All chunks are saved
[10:13:18] [Server thread/INFO]: Saving chunks for level 'ServerLevel[world_nether]'/minecraft:the_nether
[10:13:18] [Server thread/INFO]: [ChunkHolderManager] Waiting 60s for chunk system to halt for world 'world_nether'
[10:13:18] [Server thread/INFO]: [ChunkHolderManager] Halted chunk system for world 'world_nether'
[10:13:18] [Server thread/INFO]: [ChunkHolderManager] Saving all chunkholders for world 'world_nether'
[10:13:18] [Thread-15/INFO]: [gg.playit.minecraft.PlayitManager] control channel shutdown
[10:13:18] [Server thread/INFO]: [ChunkHolderManager] Saved 1497 block chunks, 8 entity chunks, 0 poi chunks in world 'world_nether' in 0.30s
[10:13:18] [Server thread/INFO]: ThreadedAnvilChunkStorage (DIM-1): All chunks are saved
[10:13:18] [Server thread/INFO]: Saving chunks for level 'ServerLevel[world_the_end]'/minecraft:the_end
[10:13:18] [Server thread/INFO]: [ChunkHolderManager] Waiting 60s for chunk system to halt for world 'world_the_end'
[10:13:18] [Server thread/INFO]: [ChunkHolderManager] Halted chunk system for world 'world_the_end'
[10:13:18] [Server thread/INFO]: [ChunkHolderManager] Saving all chunkholders for world 'world_the_end'
[10:13:18] [Server thread/INFO]: [ChunkHolderManager] Saved 1496 block chunks, 10 entity chunks, 0 poi chunks in world 'world_the_end' in 0.20s
[10:13:19] [Server thread/INFO]: ThreadedAnvilChunkStorage (DIM1): All chunks are saved
[10:13:19] [Server thread/INFO]: ThreadedAnvilChunkStorage: All dimensions are saved
[10:13:19] [Server thread/INFO]: Flushing Chunk IO
[10:13:19] [Server thread/INFO]: Closing Thread Pool
[10:13:19] [Server thread/INFO]: Closing Server
